{"meta": {"format": 3, "version": "7.13.5", "timestamp": "2026-04-30T12:21:14.365022", "branch_coverage": false, "show_contexts": false}, "files": {"devops_collector/__init__.py": {"executed_lines": [16, 17, 18], "summary": {"covered_lines": 3, "num_statements": 3, "percent_covered": 100.0, "percent_covered_display": "100", "missing_lines": 0, "excluded_lines": 0, "percent_statements_covered": 100.0, "percent_statements_covered_display": "100"}, "missing_lines": [], "excluded_lines": [], "functions": {"": {"executed_lines": [16, 17, 18], "summary": {"covered_lines": 3, "num_statements": 3, "percent_covered": 100.0, "percent_covered_display": "100", "missing_lines": 0, "excluded_lines": 0, "percent_statements_covered": 100.0, "percent_statements_covered_display": "100"}, "missing_lines": [], "excluded_lines": [], "start_line": 1}}, "classes": {"": {"executed_lines": [16, 17, 18], "summary": {"covered_lines": 3, "num_statements": 3, "percent_covered": 100.0, "percent_covered_display": "100", "missing_lines": 0, "excluded_lines": 0, "percent_statements_covered": 100.0, "percent_statements_covered_display": "100"}, "missing_lines": [], "excluded_lines": [], "start_line": 1}}}, "devops_collector/auth/__init__.py": {"executed_lines": [6, 16, 17], "summary": {"covered_lines": 3, "num_statements": 3, "percent_covered": 100.0, "percent_covered_display": "100", "missing_lines": 0, "excluded_lines": 0, "percent_statements_covered": 100.0, "percent_statements_covered_display": "100"}, "missing_lines": [], "excluded_lines": [], "functions": {"": {"executed_lines": [6, 16, 17], "summary": {"covered_lines": 3, "num_statements": 3, "percent_covered": 100.0, "percent_covered_display": "100", "missing_lines": 0, "excluded_lines": 0, "percent_statements_covered": 100.0, "percent_statements_covered_display": "100"}, "missing_lines": [], "excluded_lines": [], "start_line": 1}}, "classes": {"": {"executed_lines": [6, 16, 17], "summary": {"covered_lines": 3, "num_statements": 3, "percent_covered": 100.0, "percent_covered_display": "100", "missing_lines": 0, "excluded_lines": 0, "percent_statements_covered": 100.0, "percent_statements_covered_display": "100"}, "missing_lines": [], "excluded_lines": [], "start_line": 1}}}, "devops_collector/auth/auth_database.py": {"executed_lines": [6, 7, 9, 13, 16, 20, 23, 26], "summary": {"covered_lines": 8, "num_statements": 12, "percent_covered": 66.66666666666667, "percent_covered_display": "67", "missing_lines": 4, "excluded_lines": 0, "percent_statements_covered": 66.66666666666667, "percent_statements_covered_display": "67"}, "missing_lines": [32, 33, 34, 36], "excluded_lines": [], "functions": {"get_auth_db": {"executed_lines": [], "summary": {"covered_lines": 0, "num_statements": 4, "percent_covered": 0.0, "percent_covered_display": "0", "missing_lines": 4, "excluded_lines": 0, "percent_statements_covered": 0.0, "percent_statements_covered_display": "0"}, "missing_lines": [32, 33, 34, 36], "excluded_lines": [], "start_line": 26}, "": {"executed_lines": [6, 7, 9, 13, 16, 20, 23, 26], "summary": {"covered_lines": 8, "num_statements": 8, "percent_covered": 100.0, "percent_covered_display": "100", "missing_lines": 0, "excluded_lines": 0, "percent_statements_covered": 100.0, "percent_statements_covered_display": "100"}, "missing_lines": [], "excluded_lines": [], "start_line": 1}}, "classes": {"AuthBase": {"executed_lines": [], "summary": {"covered_lines": 0, "num_statements": 0, "percent_covered": 100.0, "percent_covered_display": "100", "missing_lines": 0, "excluded_lines": 0, "percent_statements_covered": 100.0, "percent_statements_covered_display": "100"}, "missing_lines": [], "excluded_lines": [], "start_line": 20}, "": {"executed_lines": [6, 7, 9, 13, 16, 20, 23, 26], "summary": {"covered_lines": 8, "num_statements": 12, "percent_covered": 66.66666666666667, "percent_covered_display": "67", "missing_lines": 4, "excluded_lines": 0, "percent_statements_covered": 66.66666666666667, "percent_statements_covered_display": "67"}, "missing_lines": [32, 33, 34, 36], "excluded_lines": [], "start_line": 1}}}, "devops_collector/auth/auth_dependency.py": {"executed_lines": [6, 7, 9, 10, 11, 12, 13, 16], "summary": {"covered_lines": 8, "num_statements": 12, "percent_covered": 66.66666666666667, "percent_covered_display": "67", "missing_lines": 4, "excluded_lines": 0, "percent_statements_covered": 66.66666666666667, "percent_statements_covered_display": "67"}, "missing_lines": [31, 33, 34, 35], "excluded_lines": [], "functions": {"get_user_gitlab_client": {"executed_lines": [], "summary": {"covered_lines": 0, "num_statements": 4, "percent_covered": 0.0, "percent_covered_display": "0", "missing_lines": 4, "excluded_lines": 0, "percent_statements_covered": 0.0, "percent_statements_covered_display": "0"}, "missing_lines": [31, 33, 34, 35], "excluded_lines": [], "start_line": 16}, "": {"executed_lines": [6, 7, 9, 10, 11, 12, 13, 16], "summary": {"covered_lines": 8, "num_statements": 8, "percent_covered": 100.0, "percent_covered_display": "100", "missing_lines": 0, "excluded_lines": 0, "percent_statements_covered": 100.0, "percent_statements_covered_display": "100"}, "missing_lines": [], "excluded_lines": [], "start_line": 1}}, "classes": {"": {"executed_lines": [6, 7, 9, 10, 11, 12, 13, 16], "summary": {"covered_lines": 8, "num_statements": 12, "percent_covered": 66.66666666666667, "percent_covered_display": "67", "missing_lines": 4, "excluded_lines": 0, "percent_statements_covered": 66.66666666666667, "percent_statements_covered_display": "67"}, "missing_lines": [31, 33, 34, 35], "excluded_lines": [], "start_line": 1}}}, "devops_collector/auth/auth_router.py": {"executed_lines": [6, 7, 9, 10, 11, 12, 13, 15, 16, 17, 20, 24, 27, 28, 42, 45, 46, 49, 50, 51, 54, 55, 61, 64, 65, 77, 81, 82, 88, 91, 92, 99, 103, 104, 106, 107, 109, 110, 112, 113, 141, 142, 156, 157, 158, 160, 161, 163, 166, 167, 182, 184, 185, 186, 191, 194, 197, 200, 202, 213, 214, 217, 218, 231, 234, 246, 247, 248, 254, 255, 256, 261, 262, 265, 274], "summary": {"covered_lines": 75, "num_statements": 102, "percent_covered": 73.52941176470588, "percent_covered_display": "74", "missing_lines": 27, "excluded_lines": 0, "percent_statements_covered": 73.52941176470588, "percent_statements_covered_display": "74"}, "missing_lines": [43, 47, 52, 78, 100, 116, 118, 119, 129, 130, 131, 132, 134, 135, 136, 137, 138, 162, 249, 250, 251, 257, 258, 263, 266, 271, 272], "excluded_lines": [], "functions": {"auth_bind_gitlab": {"executed_lines": [42, 45, 46, 49, 50, 51, 54, 55, 61], "summary": {"covered_lines": 9, "num_statements": 12, "percent_covered": 75.0, "percent_covered_display": "75", "missing_lines": 3, "excluded_lines": 0, "percent_statements_covered": 75.0, "percent_statements_covered_display": "75"}, "missing_lines": [43, 47, 52], "excluded_lines": [], "start_line": 28}, "auth_login_gitlab": {"executed_lines": [77, 81, 82, 88], "summary": {"covered_lines": 4, "num_statements": 5, "percent_covered": 80.0, "percent_covered_display": "80", "missing_lines": 1, "excluded_lines": 0, "percent_statements_covered": 80.0, "percent_statements_covered_display": "80"}, "missing_lines": [78], "excluded_lines": [], "start_line": 65}, "auth_gitlab_callback": {"executed_lines": [99, 103, 104, 106, 107, 109, 110, 112, 113], "summary": {"covered_lines": 9, "num_statements": 22, "percent_covered": 40.90909090909091, "percent_covered_display": "41", "missing_lines": 13, "excluded_lines": 0, "percent_statements_covered": 40.90909090909091, "percent_statements_covered_display": "41"}, "missing_lines": [100, 116, 118, 119, 129, 130, 131, 132, 134, 135, 136, 137, 138], "excluded_lines": [], "start_line": 92}, "auth_register": {"executed_lines": [156, 157, 158, 160, 161, 163], "summary": {"covered_lines": 6, "num_statements": 7, "percent_covered": 85.71428571428571, "percent_covered_display": "86", "missing_lines": 1, "excluded_lines": 0, "percent_statements_covered": 85.71428571428571, "percent_statements_covered_display": "86"}, "missing_lines": [162], "excluded_lines": [], "start_line": 142}, "auth_login_for_access_token": {"executed_lines": [182, 184, 185, 186, 191, 194, 197, 200, 202, 213, 214], "summary": {"covered_lines": 11, "num_statements": 11, "percent_covered": 100.0, "percent_covered_display": "100", "missing_lines": 0, "excluded_lines": 0, "percent_statements_covered": 100.0, "percent_statements_covered_display": "100"}, "missing_lines": [], "excluded_lines": [], "start_line": 167}, "auth_read_users_me": {"executed_lines": [231, 234, 246, 247, 248, 254, 255, 256, 261, 262, 265, 274], "summary": {"covered_lines": 12, "num_statements": 21, "percent_covered": 57.142857142857146, "percent_covered_display": "57", "missing_lines": 9, "excluded_lines": 0, "percent_statements_covered": 57.142857142857146, "percent_statements_covered_display": "57"}, "missing_lines": [249, 250, 251, 257, 258, 263, 266, 271, 272], "excluded_lines": [], "start_line": 218}, "": {"executed_lines": [6, 7, 9, 10, 11, 12, 13, 15, 16, 17, 20, 24, 27, 28, 64, 65, 91, 92, 141, 142, 166, 167, 217, 218], "summary": {"covered_lines": 24, "num_statements": 24, "percent_covered": 100.0, "percent_covered_display": "100", "missing_lines": 0, "excluded_lines": 0, "percent_statements_covered": 100.0, "percent_statements_covered_display": "100"}, "missing_lines": [], "excluded_lines": [], "start_line": 1}}, "classes": {"": {"executed_lines": [6, 7, 9, 10, 11, 12, 13, 15, 16, 17, 20, 24, 27, 28, 42, 45, 46, 49, 50, 51, 54, 55, 61, 64, 65, 77, 81, 82, 88, 91, 92, 99, 103, 104, 106, 107, 109, 110, 112, 113, 141, 142, 156, 157, 158, 160, 161, 163, 166, 167, 182, 184, 185, 186, 191, 194, 197, 200, 202, 213, 214, 217, 218, 231, 234, 246, 247, 248, 254, 255, 256, 261, 262, 265, 274], "summary": {"covered_lines": 75, "num_statements": 102, "percent_covered": 73.52941176470588, "percent_covered_display": "74", "missing_lines": 27, "excluded_lines": 0, "percent_statements_covered": 73.52941176470588, "percent_statements_covered_display": "74"}, "missing_lines": [43, 47, 52, 78, 100, 116, 118, 119, 129, 130, 131, 132, 134, 135, 136, 137, 138, 162, 249, 250, 251, 257, 258, 263, 266, 271, 272], "excluded_lines": [], "start_line": 1}}}, "devops_collector/auth/auth_schema.py": {"executed_lines": [6, 8, 11, 22, 23, 24, 25, 26, 29, 37, 38, 41, 49, 50, 53, 60, 63, 72, 73, 74, 75, 78, 86, 87, 88, 91, 105, 106, 107, 108, 109, 110, 111, 112, 113, 115], "summary": {"covered_lines": 36, "num_statements": 36, "percent_covered": 100.0, "percent_covered_display": "100", "missing_lines": 0, "excluded_lines": 0, "percent_statements_covered": 100.0, "percent_statements_covered_display": "100"}, "missing_lines": [], "excluded_lines": [], "functions": {"": {"executed_lines": [6, 8, 11, 22, 23, 24, 25, 26, 29, 37, 38, 41, 49, 50, 53, 60, 63, 72, 73, 74, 75, 78, 86, 87, 88, 91, 105, 106, 107, 108, 109, 110, 111, 112, 113, 115], "summary": {"covered_lines": 36, "num_statements": 36, "percent_covered": 100.0, "percent_covered_display": "100", "missing_lines": 0, "excluded_lines": 0, "percent_statements_covered": 100.0, "percent_statements_covered_display": "100"}, "missing_lines": [], "excluded_lines": [], "start_line": 1}}, "classes": {"AuthRegisterRequest": {"executed_lines": [], "summary": {"covered_lines": 0, "num_statements": 0, "percent_covered": 100.0, "percent_covered_display": "100", "missing_lines": 0, "excluded_lines": 0, "percent_statements_covered": 100.0, "percent_statements_covered_display": "100"}, "missing_lines": [], "excluded_lines": [], "start_line": 11}, "AuthLoginRequest": {"executed_lines": [], "summary": {"covered_lines": 0, "num_statements": 0, "percent_covered": 100.0, "percent_covered_display": "100", "missing_lines": 0, "excluded_lines": 0, "percent_statements_covered": 100.0, "percent_statements_covered_display": "100"}, "missing_lines": [], "excluded_lines": [], "start_line": 29}, "AuthToken": {"executed_lines": [], "summary": {"covered_lines": 0, "num_statements": 0, "percent_covered": 100.0, "percent_covered_display": "100", "missing_lines": 0, "excluded_lines": 0, "percent_statements_covered": 100.0, "percent_statements_covered_display": "100"}, "missing_lines": [], "excluded_lines": [], "start_line": 41}, "AuthTokenData": {"executed_lines": [], "summary": {"covered_lines": 0, "num_statements": 0, "percent_covered": 100.0, "percent_covered_display": "100", "missing_lines": 0, "excluded_lines": 0, "percent_statements_covered": 100.0, "percent_statements_covered_display": "100"}, "missing_lines": [], "excluded_lines": [], "start_line": 53}, "AuthLocationInfo": {"executed_lines": [], "summary": {"covered_lines": 0, "num_statements": 0, "percent_covered": 100.0, "percent_covered_display": "100", "missing_lines": 0, "excluded_lines": 0, "percent_statements_covered": 100.0, "percent_statements_covered_display": "100"}, "missing_lines": [], "excluded_lines": [], "start_line": 63}, "AuthDepartmentInfo": {"executed_lines": [], "summary": {"covered_lines": 0, "num_statements": 0, "percent_covered": 100.0, "percent_covered_display": "100", "missing_lines": 0, "excluded_lines": 0, "percent_statements_covered": 100.0, "percent_statements_covered_display": "100"}, "missing_lines": [], "excluded_lines": [], "start_line": 78}, "AuthUserResponse": {"executed_lines": [], "summary": {"covered_lines": 0, "num_statements": 0, "percent_covered": 100.0, "percent_covered_display": "100", "missing_lines": 0, "excluded_lines": 0, "percent_statements_covered": 100.0, "percent_statements_covered_display": "100"}, "missing_lines": [], "excluded_lines": [], "start_line": 91}, "": {"executed_lines": [6, 8, 11, 22, 23, 24, 25, 26, 29, 37, 38, 41, 49, 50, 53, 60, 63, 72, 73, 74, 75, 78, 86, 87, 88, 91, 105, 106, 107, 108, 109, 110, 111, 112, 113, 115], "summary": {"covered_lines": 36, "num_statements": 36, "percent_covered": 100.0, "percent_covered_display": "100", "missing_lines": 0, "excluded_lines": 0, "percent_statements_covered": 100.0, "percent_statements_covered_display": "100"}, "missing_lines": [], "excluded_lines": [], "start_line": 1}}}, "devops_collector/auth/auth_service.py": {"executed_lines": [6, 7, 8, 9, 10, 12, 13, 14, 15, 16, 17, 19, 20, 21, 22, 26, 29, 30, 31, 32, 33, 36, 45, 46, 47, 48, 51, 61, 64, 73, 76, 86, 87, 88, 90, 92, 93, 94, 96, 97, 100, 110, 113, 118, 119, 121, 122, 125, 126, 129, 139, 140, 151, 152, 153, 154, 155, 156, 157, 160, 171, 172, 173, 174, 176, 177, 178, 181, 191, 194, 197, 199, 202, 213, 215, 216, 220, 221, 222, 228, 232, 233, 236, 249, 250, 251, 253, 254, 257, 258, 262, 263, 265, 268, 281, 298, 310, 313, 314, 324, 327, 330, 331, 332, 334, 336, 337, 339, 343, 344, 347, 349, 351, 355, 356, 357, 360, 363, 364, 367, 368, 369, 370, 372, 383, 385], "summary": {"covered_lines": 126, "num_statements": 143, "percent_covered": 88.1118881118881, "percent_covered_display": "88", "missing_lines": 17, "excluded_lines": 0, "percent_statements_covered": 88.1118881118881, "percent_statements_covered_display": "88"}, "missing_lines": [95, 123, 175, 195, 218, 230, 231, 255, 259, 278, 293, 294, 295, 325, 326, 333, 340], "excluded_lines": [], "functions": {"auth_decode_access_token": {"executed_lines": [45, 46, 47, 48], "summary": {"covered_lines": 4, "num_statements": 4, "percent_covered": 100.0, "percent_covered_display": "100", "missing_lines": 0, "excluded_lines": 0, "percent_statements_covered": 100.0, "percent_statements_covered_display": "100"}, "missing_lines": [], "excluded_lines": [], "start_line": 36}, "auth_verify_password": {"executed_lines": [61], "summary": {"covered_lines": 1, "num_statements": 1, "percent_covered": 100.0, "percent_covered_display": "100", "missing_lines": 0, "excluded_lines": 0, "percent_statements_covered": 100.0, "percent_statements_covered_display": "100"}, "missing_lines": [], "excluded_lines": [], "start_line": 51}, "auth_get_password_hash": {"executed_lines": [73], "summary": {"covered_lines": 1, "num_statements": 1, "percent_covered": 100.0, "percent_covered_display": "100", "missing_lines": 0, "excluded_lines": 0, "percent_statements_covered": 100.0, "percent_statements_covered_display": "100"}, "missing_lines": [], "excluded_lines": [], "start_line": 64}, "auth_create_access_token": {"executed_lines": [86, 87, 88, 90, 92, 93, 94, 96, 97], "summary": {"covered_lines": 9, "num_statements": 10, "percent_covered": 90.0, "percent_covered_display": "90", "missing_lines": 1, "excluded_lines": 0, "percent_statements_covered": 90.0, "percent_statements_covered_display": "90"}, "missing_lines": [95], "excluded_lines": [], "start_line": 76}, "auth_get_user_by_email": {"executed_lines": [110], "summary": {"covered_lines": 1, "num_statements": 1, "percent_covered": 100.0, "percent_covered_display": "100", "missing_lines": 0, "excluded_lines": 0, "percent_statements_covered": 100.0, "percent_statements_covered_display": "100"}, "missing_lines": [], "excluded_lines": [], "start_line": 100}, "auth_validate_email_domain": {"executed_lines": [118, 119, 121, 122, 125, 126], "summary": {"covered_lines": 6, "num_statements": 7, "percent_covered": 85.71428571428571, "percent_covered_display": "86", "missing_lines": 1, "excluded_lines": 0, "percent_statements_covered": 85.71428571428571, "percent_statements_covered_display": "86"}, "missing_lines": [123], "excluded_lines": [], "start_line": 113}, "auth_create_user": {"executed_lines": [139, 140, 151, 152, 153, 154, 155, 156, 157], "summary": {"covered_lines": 9, "num_statements": 9, "percent_covered": 100.0, "percent_covered_display": "100", "missing_lines": 0, "excluded_lines": 0, "percent_statements_covered": 100.0, "percent_statements_covered_display": "100"}, "missing_lines": [], "excluded_lines": [], "start_line": 129}, "auth_authenticate_user": {"executed_lines": [171, 172, 173, 174, 176, 177, 178], "summary": {"covered_lines": 7, "num_statements": 8, "percent_covered": 87.5, "percent_covered_display": "88", "missing_lines": 1, "excluded_lines": 0, "percent_statements_covered": 87.5, "percent_statements_covered_display": "88"}, "missing_lines": [175], "excluded_lines": [], "start_line": 160}, "auth_get_gitlab_token": {"executed_lines": [191, 194, 197, 199], "summary": {"covered_lines": 4, "num_statements": 5, "percent_covered": 80.0, "percent_covered_display": "80", "missing_lines": 1, "excluded_lines": 0, "percent_statements_covered": 80.0, "percent_statements_covered_display": "80"}, "missing_lines": [195], "excluded_lines": [], "start_line": 181}, "auth_upsert_gitlab_token": {"executed_lines": [213, 215, 216, 220, 221, 222, 228, 232, 233], "summary": {"covered_lines": 9, "num_statements": 12, "percent_covered": 75.0, "percent_covered_display": "75", "missing_lines": 3, "excluded_lines": 0, "percent_statements_covered": 75.0, "percent_statements_covered_display": "75"}, "missing_lines": [218, 230, 231], "excluded_lines": [], "start_line": 202}, "auth_get_current_user": {"executed_lines": [249, 250, 251, 253, 254, 257, 258, 262, 263, 265], "summary": {"covered_lines": 10, "num_statements": 12, "percent_covered": 83.33333333333333, "percent_covered_display": "83", "missing_lines": 2, "excluded_lines": 0, "percent_statements_covered": 83.33333333333333, "percent_statements_covered_display": "83"}, "missing_lines": [255, 259], "excluded_lines": [], "start_line": 236}, "get_current_user_obj": {"executed_lines": [], "summary": {"covered_lines": 0, "num_statements": 1, "percent_covered": 0.0, "percent_covered_display": "0", "missing_lines": 1, "excluded_lines": 0, "percent_statements_covered": 0.0, "percent_statements_covered_display": "0"}, "missing_lines": [278], "excluded_lines": [], "start_line": 268}, "auth_get_current_active_user": {"executed_lines": [], "summary": {"covered_lines": 0, "num_statements": 3, "percent_covered": 0.0, "percent_covered_display": "0", "missing_lines": 3, "excluded_lines": 0, "percent_statements_covered": 0.0, "percent_statements_covered_display": "0"}, "missing_lines": [293, 294, 295], "excluded_lines": [], "start_line": 281}, "auth_process_gitlab_callback": {"executed_lines": [310, 313, 314, 324, 327, 330, 331, 332, 334, 336, 337, 339, 343, 344, 347, 349, 351, 355, 356, 357, 360, 363, 364, 367, 368, 369, 370, 372, 383, 385], "summary": {"covered_lines": 30, "num_statements": 34, "percent_covered": 88.23529411764706, "percent_covered_display": "88", "missing_lines": 4, "excluded_lines": 0, "percent_statements_covered": 88.23529411764706, "percent_statements_covered_display": "88"}, "missing_lines": [325, 326, 333, 340], "excluded_lines": [], "start_line": 298}, "": {"executed_lines": [6, 7, 8, 9, 10, 12, 13, 14, 15, 16, 17, 19, 20, 21, 22, 26, 29, 30, 31, 32, 33, 36, 51, 64, 76, 100, 113, 129, 160, 181, 202, 236, 268, 281, 298], "summary": {"covered_lines": 35, "num_statements": 35, "percent_covered": 100.0, "percent_covered_display": "100", "missing_lines": 0, "excluded_lines": 0, "percent_statements_covered": 100.0, "percent_statements_covered_display": "100"}, "missing_lines": [], "excluded_lines": [], "start_line": 1}}, "classes": {"": {"executed_lines": [6, 7, 8, 9, 10, 12, 13, 14, 15, 16, 17, 19, 20, 21, 22, 26, 29, 30, 31, 32, 33, 36, 45, 46, 47, 48, 51, 61, 64, 73, 76, 86, 87, 88, 90, 92, 93, 94, 96, 97, 100, 110, 113, 118, 119, 121, 122, 125, 126, 129, 139, 140, 151, 152, 153, 154, 155, 156, 157, 160, 171, 172, 173, 174, 176, 177, 178, 181, 191, 194, 197, 199, 202, 213, 215, 216, 220, 221, 222, 228, 232, 233, 236, 249, 250, 251, 253, 254, 257, 258, 262, 263, 265, 268, 281, 298, 310, 313, 314, 324, 327, 330, 331, 332, 334, 336, 337, 339, 343, 344, 347, 349, 351, 355, 356, 357, 360, 363, 364, 367, 368, 369, 370, 372, 383, 385], "summary": {"covered_lines": 126, "num_statements": 143, "percent_covered": 88.1118881118881, "percent_covered_display": "88", "missing_lines": 17, "excluded_lines": 0, "percent_statements_covered": 88.1118881118881, "percent_statements_covered_display": "88"}, "missing_lines": [95, 123, 175, 195, 218, 230, 231, 255, 259, 278, 293, 294, 295, 325, 326, 333, 340], "excluded_lines": [], "start_line": 1}}}, "devops_collector/config.py": {"executed_lines": [13, 15, 16, 19, 30, 31, 32, 33, 34, 35, 38, 46, 47, 50, 60, 61, 62, 63, 65, 66, 72, 75, 78, 79, 80, 81, 82, 84, 91, 92, 106, 113, 116, 125, 126, 127, 130, 137, 140, 147, 150, 160, 161, 162, 163, 166, 177, 178, 179, 180, 181, 183, 184, 185, 187, 188, 192, 203, 204, 205, 206, 207, 210, 219, 220, 221, 222, 223, 224, 227, 236, 237, 238, 241, 253, 254, 255, 256, 257, 258, 261, 264, 265, 266, 268, 269, 270, 279, 280, 284, 293, 294, 295, 298, 305, 307, 308, 309, 318, 319, 323, 330, 332, 333, 334, 343, 345, 348, 368, 369, 370, 371, 372, 373, 374, 375, 376, 377, 378, 379, 380, 381, 382, 383, 384, 385, 386, 389, 392, 398, 399, 400, 401, 402, 403, 404, 405, 406, 407, 408, 409, 410, 411, 412, 413, 414, 415, 416, 417, 418, 419, 420, 421, 422, 423, 424, 425, 426, 427, 428, 429, 430, 431, 432, 433, 434, 435, 436, 437, 438, 439, 440, 441, 442, 443, 444, 445, 446], "summary": {"covered_lines": 178, "num_statements": 185, "percent_covered": 96.21621621621621, "percent_covered_display": "96", "missing_lines": 7, "excluded_lines": 0, "percent_statements_covered": 96.21621621621621, "percent_statements_covered_display": "96"}, "missing_lines": [101, 102, 103, 189, 281, 320, 344], "excluded_lines": [], "functions": {"RabbitMQSettings.url": {"executed_lines": [72], "summary": {"covered_lines": 1, "num_statements": 1, "percent_covered": 100.0, "percent_covered_display": "100", "missing_lines": 0, "excluded_lines": 0, "percent_statements_covered": 100.0, "percent_statements_covered_display": "100"}, "missing_lines": [], "excluded_lines": [], "start_line": 66}, "AnalysisSettings.split_str": {"executed_lines": [], "summary": {"covered_lines": 0, "num_statements": 3, "percent_covered": 0.0, "percent_covered_display": "0", "missing_lines": 3, "excluded_lines": 0, "percent_statements_covered": 0.0, "percent_statements_covered_display": "0"}, "missing_lines": [101, 102, 103], "excluded_lines": [], "start_line": 92}, "NexusSettings.split_str": {"executed_lines": [187, 188], "summary": {"covered_lines": 2, "num_statements": 3, "percent_covered": 66.66666666666667, "percent_covered_display": "67", "missing_lines": 1, "excluded_lines": 0, "percent_statements_covered": 66.66666666666667, "percent_statements_covered_display": "67"}, "missing_lines": [189], "excluded_lines": [], "start_line": 185}, "AuthSettings.split_str": {"executed_lines": [279, 280], "summary": {"covered_lines": 2, "num_statements": 3, "percent_covered": 66.66666666666667, "percent_covered_display": "67", "missing_lines": 1, "excluded_lines": 0, "percent_statements_covered": 66.66666666666667, "percent_statements_covered_display": "67"}, "missing_lines": [281], "excluded_lines": [], "start_line": 270}, "PluginSettings.split_str": {"executed_lines": [318, 319], "summary": {"covered_lines": 2, "num_statements": 3, "percent_covered": 66.66666666666667, "percent_covered_display": "67", "missing_lines": 1, "excluded_lines": 0, "percent_statements_covered": 66.66666666666667, "percent_statements_covered_display": "67"}, "missing_lines": [320], "excluded_lines": [], "start_line": 309}, "StorageSettings.make_absolute": {"executed_lines": [343, 345], "summary": {"covered_lines": 2, "num_statements": 3, "percent_covered": 66.66666666666667, "percent_covered_display": "67", "missing_lines": 1, "excluded_lines": 0, "percent_statements_covered": 66.66666666666667, "percent_statements_covered_display": "67"}, "missing_lines": [344], "excluded_lines": [], "start_line": 334}, "": {"executed_lines": [13, 15, 16, 19, 30, 31, 32, 33, 34, 35, 38, 46, 47, 50, 60, 61, 62, 63, 65, 66, 75, 78, 79, 80, 81, 82, 84, 91, 92, 106, 113, 116, 125, 126, 127, 130, 137, 140, 147, 150, 160, 161, 162, 163, 166, 177, 178, 179, 180, 181, 183, 184, 185, 192, 203, 204, 205, 206, 207, 210, 219, 220, 221, 222, 223, 224, 227, 236, 237, 238, 241, 253, 254, 255, 256, 257, 258, 261, 264, 265, 266, 268, 269, 270, 284, 293, 294, 295, 298, 305, 307, 308, 309, 323, 330, 332, 333, 334, 348, 368, 369, 370, 371, 372, 373, 374, 375, 376, 377, 378, 379, 380, 381, 382, 383, 384, 385, 386, 389, 392, 398, 399, 400, 401, 402, 403, 404, 405, 406, 407, 408, 409, 410, 411, 412, 413, 414, 415, 416, 417, 418, 419, 420, 421, 422, 423, 424, 425, 426, 427, 428, 429, 430, 431, 432, 433, 434, 435, 436, 437, 438, 439, 440, 441, 442, 443, 444, 445, 446], "summary": {"covered_lines": 169, "num_statements": 169, "percent_covered": 100.0, "percent_covered_display": "100", "missing_lines": 0, "excluded_lines": 0, "percent_statements_covered": 100.0, "percent_statements_covered_display": "100"}, "missing_lines": [], "excluded_lines": [], "start_line": 1}}, "classes": {"GitLabSettings": {"executed_lines": [], "summary": {"covered_lines": 0, "num_statements": 0, "percent_covered": 100.0, "percent_covered_display": "100", "missing_lines": 0, "excluded_lines": 0, "percent_statements_covered": 100.0, "percent_statements_covered_display": "100"}, "missing_lines": [], "excluded_lines": [], "start_line": 19}, "DatabaseSettings": {"executed_lines": [], "summary": {"covered_lines": 0, "num_statements": 0, "percent_covered": 100.0, "percent_covered_display": "100", "missing_lines": 0, "excluded_lines": 0, "percent_statements_covered": 100.0, "percent_statements_covered_display": "100"}, "missing_lines": [], "excluded_lines": [], "start_line": 38}, "RabbitMQSettings": {"executed_lines": [72], "summary": {"covered_lines": 1, "num_statements": 1, "percent_covered": 100.0, "percent_covered_display": "100", "missing_lines": 0, "excluded_lines": 0, "percent_statements_covered": 100.0, "percent_statements_covered_display": "100"}, "missing_lines": [], "excluded_lines": [], "start_line": 50}, "AnalysisSettings": {"executed_lines": [], "summary": {"covered_lines": 0, "num_statements": 3, "percent_covered": 0.0, "percent_covered_display": "0", "missing_lines": 3, "excluded_lines": 0, "percent_statements_covered": 0.0, "percent_statements_covered_display": "0"}, "missing_lines": [101, 102, 103], "excluded_lines": [], "start_line": 75}, "RateLimitSettings": {"executed_lines": [], "summary": {"covered_lines": 0, "num_statements": 0, "percent_covered": 100.0, "percent_covered_display": "100", "missing_lines": 0, "excluded_lines": 0, "percent_statements_covered": 100.0, "percent_statements_covered_display": "100"}, "missing_lines": [], "excluded_lines": [], "start_line": 106}, "ClientSettings": {"executed_lines": [], "summary": {"covered_lines": 0, "num_statements": 0, "percent_covered": 100.0, "percent_covered_display": "100", "missing_lines": 0, "excluded_lines": 0, "percent_statements_covered": 100.0, "percent_statements_covered_display": "100"}, "missing_lines": [], "excluded_lines": [], "start_line": 116}, "SchedulerSettings": {"executed_lines": [], "summary": {"covered_lines": 0, "num_statements": 0, "percent_covered": 100.0, "percent_covered_display": "100", "missing_lines": 0, "excluded_lines": 0, "percent_statements_covered": 100.0, "percent_statements_covered_display": "100"}, "missing_lines": [], "excluded_lines": [], "start_line": 130}, "LoggingSettings": {"executed_lines": [], "summary": {"covered_lines": 0, "num_statements": 0, "percent_covered": 100.0, "percent_covered_display": "100", "missing_lines": 0, "excluded_lines": 0, "percent_statements_covered": 100.0, "percent_statements_covered_display": "100"}, "missing_lines": [], "excluded_lines": [], "start_line": 140}, "SonarQubeSettings": {"executed_lines": [], "summary": {"covered_lines": 0, "num_statements": 0, "percent_covered": 100.0, "percent_covered_display": "100", "missing_lines": 0, "excluded_lines": 0, "percent_statements_covered": 100.0, "percent_statements_covered_display": "100"}, "missing_lines": [], "excluded_lines": [], "start_line": 150}, "NexusSettings": {"executed_lines": [187, 188], "summary": {"covered_lines": 2, "num_statements": 3, "percent_covered": 66.66666666666667, "percent_covered_display": "67", "missing_lines": 1, "excluded_lines": 0, "percent_statements_covered": 66.66666666666667, "percent_statements_covered_display": "67"}, "missing_lines": [189], "excluded_lines": [], "start_line": 166}, "JenkinsSettings": {"executed_lines": [], "summary": {"covered_lines": 0, "num_statements": 0, "percent_covered": 100.0, "percent_covered_display": "100", "missing_lines": 0, "excluded_lines": 0, "percent_statements_covered": 100.0, "percent_statements_covered_display": "100"}, "missing_lines": [], "excluded_lines": [], "start_line": 192}, "ZenTaoSettings": {"executed_lines": [], "summary": {"covered_lines": 0, "num_statements": 0, "percent_covered": 100.0, "percent_covered_display": "100", "missing_lines": 0, "excluded_lines": 0, "percent_statements_covered": 100.0, "percent_statements_covered_display": "100"}, "missing_lines": [], "excluded_lines": [], "start_line": 210}, "AISettings": {"executed_lines": [], "summary": {"covered_lines": 0, "num_statements": 0, "percent_covered": 100.0, "percent_covered_display": "100", "missing_lines": 0, "excluded_lines": 0, "percent_statements_covered": 100.0, "percent_statements_covered_display": "100"}, "missing_lines": [], "excluded_lines": [], "start_line": 227}, "SLASettings": {"executed_lines": [], "summary": {"covered_lines": 0, "num_statements": 0, "percent_covered": 100.0, "percent_covered_display": "100", "missing_lines": 0, "excluded_lines": 0, "percent_statements_covered": 100.0, "percent_statements_covered_display": "100"}, "missing_lines": [], "excluded_lines": [], "start_line": 241}, "AuthSettings": {"executed_lines": [279, 280], "summary": {"covered_lines": 2, "num_statements": 3, "percent_covered": 66.66666666666667, "percent_covered_display": "67", "missing_lines": 1, "excluded_lines": 0, "percent_statements_covered": 66.66666666666667, "percent_statements_covered_display": "67"}, "missing_lines": [281], "excluded_lines": [], "start_line": 261}, "NotifiersSettings": {"executed_lines": [], "summary": {"covered_lines": 0, "num_statements": 0, "percent_covered": 100.0, "percent_covered_display": "100", "missing_lines": 0, "excluded_lines": 0, "percent_statements_covered": 100.0, "percent_statements_covered_display": "100"}, "missing_lines": [], "excluded_lines": [], "start_line": 284}, "PluginSettings": {"executed_lines": [318, 319], "summary": {"covered_lines": 2, "num_statements": 3, "percent_covered": 66.66666666666667, "percent_covered_display": "67", "missing_lines": 1, "excluded_lines": 0, "percent_statements_covered": 66.66666666666667, "percent_statements_covered_display": "67"}, "missing_lines": [320], "excluded_lines": [], "start_line": 298}, "StorageSettings": {"executed_lines": [343, 345], "summary": {"covered_lines": 2, "num_statements": 3, "percent_covered": 66.66666666666667, "percent_covered_display": "67", "missing_lines": 1, "excluded_lines": 0, "percent_statements_covered": 66.66666666666667, "percent_statements_covered_display": "67"}, "missing_lines": [344], "excluded_lines": [], "start_line": 323}, "Settings": {"executed_lines": [], "summary": {"covered_lines": 0, "num_statements": 0, "percent_covered": 100.0, "percent_covered_display": "100", "missing_lines": 0, "excluded_lines": 0, "percent_statements_covered": 100.0, "percent_statements_covered_display": "100"}, "missing_lines": [], "excluded_lines": [], "start_line": 348}, "Config": {"executed_lines": [], "summary": {"covered_lines": 0, "num_statements": 0, "percent_covered": 100.0, "percent_covered_display": "100", "missing_lines": 0, "excluded_lines": 0, "percent_statements_covered": 100.0, "percent_statements_covered_display": "100"}, "missing_lines": [], "excluded_lines": [], "start_line": 392}, "": {"executed_lines": [13, 15, 16, 19, 30, 31, 32, 33, 34, 35, 38, 46, 47, 50, 60, 61, 62, 63, 65, 66, 75, 78, 79, 80, 81, 82, 84, 91, 92, 106, 113, 116, 125, 126, 127, 130, 137, 140, 147, 150, 160, 161, 162, 163, 166, 177, 178, 179, 180, 181, 183, 184, 185, 192, 203, 204, 205, 206, 207, 210, 219, 220, 221, 222, 223, 224, 227, 236, 237, 238, 241, 253, 254, 255, 256, 257, 258, 261, 264, 265, 266, 268, 269, 270, 284, 293, 294, 295, 298, 305, 307, 308, 309, 323, 330, 332, 333, 334, 348, 368, 369, 370, 371, 372, 373, 374, 375, 376, 377, 378, 379, 380, 381, 382, 383, 384, 385, 386, 389, 392, 398, 399, 400, 401, 402, 403, 404, 405, 406, 407, 408, 409, 410, 411, 412, 413, 414, 415, 416, 417, 418, 419, 420, 421, 422, 423, 424, 425, 426, 427, 428, 429, 430, 431, 432, 433, 434, 435, 436, 437, 438, 439, 440, 441, 442, 443, 444, 445, 446], "summary": {"covered_lines": 169, "num_statements": 169, "percent_covered": 100.0, "percent_covered_display": "100", "missing_lines": 0, "excluded_lines": 0, "percent_statements_covered": 100.0, "percent_statements_covered_display": "100"}, "missing_lines": [], "excluded_lines": [], "start_line": 1}}}, "devops_collector/core/__init__.py": {"executed_lines": [6, 7, 8, 11], "summary": {"covered_lines": 4, "num_statements": 4, "percent_covered": 100.0, "percent_covered_display": "100", "missing_lines": 0, "excluded_lines": 0, "percent_statements_covered": 100.0, "percent_statements_covered_display": "100"}, "missing_lines": [], "excluded_lines": [], "functions": {"": {"executed_lines": [6, 7, 8, 11], "summary": {"covered_lines": 4, "num_statements": 4, "percent_covered": 100.0, "percent_covered_display": "100", "missing_lines": 0, "excluded_lines": 0, "percent_statements_covered": 100.0, "percent_statements_covered_display": "100"}, "missing_lines": [], "excluded_lines": [], "start_line": 1}}, "classes": {"": {"executed_lines": [6, 7, 8, 11], "summary": {"covered_lines": 4, "num_statements": 4, "percent_covered": 100.0, "percent_covered_display": "100", "missing_lines": 0, "excluded_lines": 0, "percent_statements_covered": 100.0, "percent_statements_covered_display": "100"}, "missing_lines": [], "excluded_lines": [], "start_line": 1}}}, "devops_collector/core/admin_service.py": {"executed_lines": [9, 10, 11, 12, 13, 14, 16, 18, 19, 20, 31, 32, 35, 38, 42, 50, 56, 57, 59, 61, 62, 65, 66, 67, 68, 69, 70, 72, 73, 74, 83, 96, 98, 99, 100, 101, 102, 103, 104, 105, 107, 109, 116, 117, 118, 120, 122, 123, 125, 126, 127, 129, 138, 140, 142, 144, 152, 153, 154, 155, 157, 159, 160, 164, 165, 167, 168, 170, 172, 173, 174, 177, 178, 179, 180, 181, 182, 184, 193, 195, 196, 198, 200, 209, 210, 211, 233, 235, 248, 249, 250, 252, 254, 256, 258, 267, 268, 269, 270, 272, 274, 275, 278, 279, 283, 284, 287, 296, 301, 308, 310, 311, 312, 314, 332, 343, 354, 405, 446, 481, 548, 571, 619, 621, 625, 626, 627, 630, 632, 633, 635, 651, 652, 653, 656, 657, 658, 664, 682, 683, 684, 700, 702, 727, 737, 739, 740, 741, 742, 744], "summary": {"covered_lines": 150, "num_statements": 367, "percent_covered": 40.87193460490463, "percent_covered_display": "41", "missing_lines": 217, "excluded_lines": 0, "percent_statements_covered": 40.87193460490463, "percent_statements_covered_display": "41"}, "missing_lines": [63, 124, 131, 132, 133, 134, 135, 136, 161, 162, 175, 186, 187, 188, 189, 190, 191, 276, 280, 285, 297, 298, 299, 316, 324, 325, 326, 327, 328, 329, 330, 334, 345, 346, 347, 348, 349, 350, 352, 356, 357, 358, 360, 361, 362, 363, 366, 367, 369, 370, 371, 372, 374, 375, 377, 378, 379, 380, 381, 382, 383, 385, 396, 397, 398, 399, 400, 402, 403, 407, 408, 409, 411, 412, 413, 415, 416, 418, 419, 420, 421, 422, 424, 425, 428, 436, 437, 438, 439, 442, 443, 444, 448, 450, 451, 452, 465, 466, 467, 479, 483, 484, 485, 491, 493, 494, 495, 496, 498, 499, 501, 502, 503, 504, 505, 507, 508, 510, 512, 513, 515, 516, 517, 519, 520, 521, 522, 523, 524, 525, 527, 529, 530, 532, 533, 535, 536, 537, 538, 541, 543, 545, 546, 550, 554, 555, 556, 558, 559, 569, 573, 574, 575, 577, 578, 579, 580, 582, 583, 584, 586, 588, 589, 590, 593, 594, 595, 597, 603, 604, 605, 607, 608, 609, 611, 612, 613, 614, 616, 617, 628, 659, 661, 665, 680, 704, 705, 706, 707, 708, 710, 711, 712, 714, 725, 729, 730, 731, 732, 733, 734, 735, 746, 748, 749, 750, 751, 752, 753, 754, 755, 756, 757, 758, 759, 762, 763], "excluded_lines": [], "functions": {"AdminService.__init__": {"executed_lines": [56, 57], "summary": {"covered_lines": 2, "num_statements": 2, "percent_covered": 100.0, "percent_covered_display": "100", "missing_lines": 0, "excluded_lines": 0, "percent_statements_covered": 100.0, "percent_statements_covered_display": "100"}, "missing_lines": [], "excluded_lines": [], "start_line": 50}, "AdminService.get_user_full_profile": {"executed_lines": [61, 62, 65, 66, 67, 68, 69, 70, 72, 73, 74, 83], "summary": {"covered_lines": 12, "num_statements": 13, "percent_covered": 92.3076923076923, "percent_covered_display": "92", "missing_lines": 1, "excluded_lines": 0, "percent_statements_covered": 92.3076923076923, "percent_statements_covered_display": "92"}, "missing_lines": [63], "excluded_lines": [], "start_line": 59}, "AdminService.list_identity_mappings": {"executed_lines": [98, 99, 100, 101, 102, 103, 104, 105], "summary": {"covered_lines": 8, "num_statements": 8, "percent_covered": 100.0, "percent_covered_display": "100", "missing_lines": 0, "excluded_lines": 0, "percent_statements_covered": 100.0, "percent_statements_covered_display": "100"}, "missing_lines": [], "excluded_lines": [], "start_line": 96}, "AdminService.create_identity_mapping": {"executed_lines": [109, 116, 117, 118], "summary": {"covered_lines": 4, "num_statements": 4, "percent_covered": 100.0, "percent_covered_display": "100", "missing_lines": 0, "excluded_lines": 0, "percent_statements_covered": 100.0, "percent_statements_covered_display": "100"}, "missing_lines": [], "excluded_lines": [], "start_line": 107}, "AdminService.delete_identity_mapping": {"executed_lines": [122, 123, 125, 126, 127], "summary": {"covered_lines": 5, "num_statements": 6, "percent_covered": 83.33333333333333, "percent_covered_display": "83", "missing_lines": 1, "excluded_lines": 0, "percent_statements_covered": 83.33333333333333, "percent_statements_covered_display": "83"}, "missing_lines": [124], "excluded_lines": [], "start_line": 120}, "AdminService.update_identity_mapping_status": {"executed_lines": [], "summary": {"covered_lines": 0, "num_statements": 6, "percent_covered": 0.0, "percent_covered_display": "0", "missing_lines": 6, "excluded_lines": 0, "percent_statements_covered": 0.0, "percent_statements_covered_display": "0"}, "missing_lines": [131, 132, 133, 134, 135, 136], "excluded_lines": [], "start_line": 129}, "AdminService.list_teams": {"executed_lines": [140], "summary": {"covered_lines": 1, "num_statements": 1, "percent_covered": 100.0, "percent_covered_display": "100", "missing_lines": 0, "excluded_lines": 0, "percent_statements_covered": 100.0, "percent_statements_covered_display": "100"}, "missing_lines": [], "excluded_lines": [], "start_line": 138}, "AdminService.create_team": {"executed_lines": [144, 152, 153, 154, 155], "summary": {"covered_lines": 5, "num_statements": 5, "percent_covered": 100.0, "percent_covered_display": "100", "missing_lines": 0, "excluded_lines": 0, "percent_statements_covered": 100.0, "percent_statements_covered_display": "100"}, "missing_lines": [], "excluded_lines": [], "start_line": 142}, "AdminService.add_team_member": {"executed_lines": [159, 160, 164, 165, 167, 168], "summary": {"covered_lines": 6, "num_statements": 8, "percent_covered": 75.0, "percent_covered_display": "75", "missing_lines": 2, "excluded_lines": 0, "percent_statements_covered": 75.0, "percent_statements_covered_display": "75"}, "missing_lines": [161, 162], "excluded_lines": [], "start_line": 157}, "AdminService.link_repo_to_mdm_project": {"executed_lines": [172, 173, 174, 177, 178, 179, 180, 181, 182], "summary": {"covered_lines": 9, "num_statements": 10, "percent_covered": 90.0, "percent_covered_display": "90", "missing_lines": 1, "excluded_lines": 0, "percent_statements_covered": 90.0, "percent_statements_covered_display": "90"}, "missing_lines": [175], "excluded_lines": [], "start_line": 170}, "AdminService.set_lead_repo": {"executed_lines": [], "summary": {"covered_lines": 0, "num_statements": 6, "percent_covered": 0.0, "percent_covered_display": "0", "missing_lines": 6, "excluded_lines": 0, "percent_statements_covered": 0.0, "percent_statements_covered_display": "0"}, "missing_lines": [186, 187, 188, 189, 190, 191], "excluded_lines": [], "start_line": 184}, "AdminService.list_unlinked_repos": {"executed_lines": [195, 196], "summary": {"covered_lines": 2, "num_statements": 2, "percent_covered": 100.0, "percent_covered_display": "100", "missing_lines": 0, "excluded_lines": 0, "percent_statements_covered": 100.0, "percent_statements_covered_display": "100"}, "missing_lines": [], "excluded_lines": [], "start_line": 193}, "AdminService.list_mdm_projects": {"executed_lines": [200, 209, 210, 211], "summary": {"covered_lines": 4, "num_statements": 4, "percent_covered": 100.0, "percent_covered_display": "100", "missing_lines": 0, "excluded_lines": 0, "percent_statements_covered": 100.0, "percent_statements_covered_display": "100"}, "missing_lines": [], "excluded_lines": [], "start_line": 198}, "AdminService.create_mdm_project": {"executed_lines": [235, 248, 249, 250], "summary": {"covered_lines": 4, "num_statements": 4, "percent_covered": 100.0, "percent_covered_display": "100", "missing_lines": 0, "excluded_lines": 0, "percent_statements_covered": 100.0, "percent_statements_covered_display": "100"}, "missing_lines": [], "excluded_lines": [], "start_line": 233}, "AdminService.list_products": {"executed_lines": [254], "summary": {"covered_lines": 1, "num_statements": 1, "percent_covered": 100.0, "percent_covered_display": "100", "missing_lines": 0, "excluded_lines": 0, "percent_statements_covered": 100.0, "percent_statements_covered_display": "100"}, "missing_lines": [], "excluded_lines": [], "start_line": 252}, "AdminService.create_product": {"executed_lines": [258, 267, 268, 269, 270], "summary": {"covered_lines": 5, "num_statements": 5, "percent_covered": 100.0, "percent_covered_display": "100", "missing_lines": 0, "excluded_lines": 0, "percent_statements_covered": 100.0, "percent_statements_covered_display": "100"}, "missing_lines": [], "excluded_lines": [], "start_line": 256}, "AdminService.link_product_to_project": {"executed_lines": [274, 275, 278, 279, 283, 284, 287, 296, 301, 308, 310, 311, 312], "summary": {"covered_lines": 13, "num_statements": 19, "percent_covered": 68.42105263157895, "percent_covered_display": "68", "missing_lines": 6, "excluded_lines": 0, "percent_statements_covered": 68.42105263157895, "percent_statements_covered_display": "68"}, "missing_lines": [276, 280, 285, 297, 298, 299], "excluded_lines": [], "start_line": 272}, "AdminService.list_all_organizations": {"executed_lines": [], "summary": {"covered_lines": 0, "num_statements": 8, "percent_covered": 0.0, "percent_covered_display": "0", "missing_lines": 8, "excluded_lines": 0, "percent_statements_covered": 0.0, "percent_statements_covered_display": "0"}, "missing_lines": [316, 324, 325, 326, 327, 328, 329, 330], "excluded_lines": [], "start_line": 314}, "AdminService.create_organization": {"executed_lines": [], "summary": {"covered_lines": 0, "num_statements": 1, "percent_covered": 0.0, "percent_covered_display": "0", "missing_lines": 1, "excluded_lines": 0, "percent_statements_covered": 0.0, "percent_statements_covered_display": "0"}, "missing_lines": [334], "excluded_lines": [], "start_line": 332}, "AdminService.export_organizations": {"executed_lines": [], "summary": {"covered_lines": 0, "num_statements": 7, "percent_covered": 0.0, "percent_covered_display": "0", "missing_lines": 7, "excluded_lines": 0, "percent_statements_covered": 0.0, "percent_statements_covered_display": "0"}, "missing_lines": [345, 346, 347, 348, 349, 350, 352], "excluded_lines": [], "start_line": 343}, "AdminService.import_users": {"executed_lines": [], "summary": {"covered_lines": 0, "num_statements": 30, "percent_covered": 0.0, "percent_covered_display": "0", "missing_lines": 30, "excluded_lines": 0, "percent_statements_covered": 0.0, "percent_statements_covered_display": "0"}, "missing_lines": [356, 357, 358, 360, 361, 362, 363, 366, 367, 369, 370, 371, 372, 374, 375, 377, 378, 379, 380, 381, 382, 383, 385, 396, 397, 398, 399, 400, 402, 403], "excluded_lines": [], "start_line": 354}, "AdminService.import_organizations": {"executed_lines": [], "summary": {"covered_lines": 0, "num_statements": 23, "percent_covered": 0.0, "percent_covered_display": "0", "missing_lines": 23, "excluded_lines": 0, "percent_statements_covered": 0.0, "percent_statements_covered_display": "0"}, "missing_lines": [407, 408, 409, 411, 412, 413, 415, 416, 418, 419, 420, 421, 422, 424, 425, 428, 436, 437, 438, 439, 442, 443, 444], "excluded_lines": [], "start_line": 405}, "AdminService.export_products": {"executed_lines": [], "summary": {"covered_lines": 0, "num_statements": 8, "percent_covered": 0.0, "percent_covered_display": "0", "missing_lines": 8, "excluded_lines": 0, "percent_statements_covered": 0.0, "percent_statements_covered_display": "0"}, "missing_lines": [448, 450, 451, 452, 465, 466, 467, 479], "excluded_lines": [], "start_line": 446}, "AdminService.import_products": {"executed_lines": [], "summary": {"covered_lines": 0, "num_statements": 43, "percent_covered": 0.0, "percent_covered_display": "0", "missing_lines": 43, "excluded_lines": 0, "percent_statements_covered": 0.0, "percent_statements_covered_display": "0"}, "missing_lines": [483, 484, 485, 491, 493, 494, 495, 496, 498, 499, 501, 502, 503, 504, 505, 507, 508, 510, 512, 513, 515, 516, 517, 519, 520, 521, 522, 523, 524, 525, 527, 529, 530, 532, 533, 535, 536, 537, 538, 541, 543, 545, 546], "excluded_lines": [], "start_line": 481}, "AdminService.export_product_mappings": {"executed_lines": [], "summary": {"covered_lines": 0, "num_statements": 7, "percent_covered": 0.0, "percent_covered_display": "0", "missing_lines": 7, "excluded_lines": 0, "percent_statements_covered": 0.0, "percent_statements_covered_display": "0"}, "missing_lines": [550, 554, 555, 556, 558, 559, 569], "excluded_lines": [], "start_line": 548}, "AdminService.import_product_mappings": {"executed_lines": [], "summary": {"covered_lines": 0, "num_statements": 30, "percent_covered": 0.0, "percent_covered_display": "0", "missing_lines": 30, "excluded_lines": 0, "percent_statements_covered": 0.0, "percent_statements_covered_display": "0"}, "missing_lines": [573, 574, 575, 577, 578, 579, 580, 582, 583, 584, 586, 588, 589, 590, 593, 594, 595, 597, 603, 604, 605, 607, 608, 609, 611, 612, 613, 614, 616, 617], "excluded_lines": [], "start_line": 571}, "AdminService.export_okrs": {"executed_lines": [621, 625, 626, 627, 630, 632, 633, 635, 651, 652, 653, 656, 657, 658, 664, 682, 683, 684, 700], "summary": {"covered_lines": 19, "num_statements": 24, "percent_covered": 79.16666666666667, "percent_covered_display": "79", "missing_lines": 5, "excluded_lines": 0, "percent_statements_covered": 79.16666666666667, "percent_statements_covered_display": "79"}, "missing_lines": [628, 659, 661, 665, 680], "excluded_lines": [], "start_line": 619}, "AdminService.list_okrs": {"executed_lines": [], "summary": {"covered_lines": 0, "num_statements": 10, "percent_covered": 0.0, "percent_covered_display": "0", "missing_lines": 10, "excluded_lines": 0, "percent_statements_covered": 0.0, "percent_statements_covered_display": "0"}, "missing_lines": [704, 705, 706, 707, 708, 710, 711, 712, 714, 725], "excluded_lines": [], "start_line": 702}, "AdminService.export_users": {"executed_lines": [], "summary": {"covered_lines": 0, "num_statements": 7, "percent_covered": 0.0, "percent_covered_display": "0", "missing_lines": 7, "excluded_lines": 0, "percent_statements_covered": 0.0, "percent_statements_covered_display": "0"}, "missing_lines": [729, 730, 731, 732, 733, 734, 735], "excluded_lines": [], "start_line": 727}, "AdminService.list_users": {"executed_lines": [739, 740, 741, 742], "summary": {"covered_lines": 4, "num_statements": 4, "percent_covered": 100.0, "percent_covered_display": "100", "missing_lines": 0, "excluded_lines": 0, "percent_statements_covered": 100.0, "percent_statements_covered_display": "100"}, "missing_lines": [], "excluded_lines": [], "start_line": 737}, "AdminService.search_audit_logs": {"executed_lines": [], "summary": {"covered_lines": 0, "num_statements": 15, "percent_covered": 0.0, "percent_covered_display": "0", "missing_lines": 15, "excluded_lines": 0, "percent_statements_covered": 0.0, "percent_statements_covered_display": "0"}, "missing_lines": [746, 748, 749, 750, 751, 752, 753, 754, 755, 756, 757, 758, 759, 762, 763], "excluded_lines": [], "start_line": 744}, "": {"executed_lines": [9, 10, 11, 12, 13, 14, 16, 18, 19, 20, 31, 32, 35, 38, 42, 50, 59, 96, 107, 120, 129, 138, 142, 157, 170, 184, 193, 198, 233, 252, 256, 272, 314, 332, 343, 354, 405, 446, 481, 548, 571, 619, 702, 727, 737, 744], "summary": {"covered_lines": 46, "num_statements": 46, "percent_covered": 100.0, "percent_covered_display": "100", "missing_lines": 0, "excluded_lines": 0, "percent_statements_covered": 100.0, "percent_statements_covered_display": "100"}, "missing_lines": [], "excluded_lines": [], "start_line": 1}}, "classes": {"AdminService": {"executed_lines": [56, 57, 61, 62, 65, 66, 67, 68, 69, 70, 72, 73, 74, 83, 98, 99, 100, 101, 102, 103, 104, 105, 109, 116, 117, 118, 122, 123, 125, 126, 127, 140, 144, 152, 153, 154, 155, 159, 160, 164, 165, 167, 168, 172, 173, 174, 177, 178, 179, 180, 181, 182, 195, 196, 200, 209, 210, 211, 235, 248, 249, 250, 254, 258, 267, 268, 269, 270, 274, 275, 278, 279, 283, 284, 287, 296, 301, 308, 310, 311, 312, 621, 625, 626, 627, 630, 632, 633, 635, 651, 652, 653, 656, 657, 658, 664, 682, 683, 684, 700, 739, 740, 741, 742], "summary": {"covered_lines": 104, "num_statements": 321, "percent_covered": 32.398753894081, "percent_covered_display": "32", "missing_lines": 217, "excluded_lines": 0, "percent_statements_covered": 32.398753894081, "percent_statements_covered_display": "32"}, "missing_lines": [63, 124, 131, 132, 133, 134, 135, 136, 161, 162, 175, 186, 187, 188, 189, 190, 191, 276, 280, 285, 297, 298, 299, 316, 324, 325, 326, 327, 328, 329, 330, 334, 345, 346, 347, 348, 349, 350, 352, 356, 357, 358, 360, 361, 362, 363, 366, 367, 369, 370, 371, 372, 374, 375, 377, 378, 379, 380, 381, 382, 383, 385, 396, 397, 398, 399, 400, 402, 403, 407, 408, 409, 411, 412, 413, 415, 416, 418, 419, 420, 421, 422, 424, 425, 428, 436, 437, 438, 439, 442, 443, 444, 448, 450, 451, 452, 465, 466, 467, 479, 483, 484, 485, 491, 493, 494, 495, 496, 498, 499, 501, 502, 503, 504, 505, 507, 508, 510, 512, 513, 515, 516, 517, 519, 520, 521, 522, 523, 524, 525, 527, 529, 530, 532, 533, 535, 536, 537, 538, 541, 543, 545, 546, 550, 554, 555, 556, 558, 559, 569, 573, 574, 575, 577, 578, 579, 580, 582, 583, 584, 586, 588, 589, 590, 593, 594, 595, 597, 603, 604, 605, 607, 608, 609, 611, 612, 613, 614, 616, 617, 628, 659, 661, 665, 680, 704, 705, 706, 707, 708, 710, 711, 712, 714, 725, 729, 730, 731, 732, 733, 734, 735, 746, 748, 749, 750, 751, 752, 753, 754, 755, 756, 757, 758, 759, 762, 763], "excluded_lines": [], "start_line": 38}, "": {"executed_lines": [9, 10, 11, 12, 13, 14, 16, 18, 19, 20, 31, 32, 35, 38, 42, 50, 59, 96, 107, 120, 129, 138, 142, 157, 170, 184, 193, 198, 233, 252, 256, 272, 314, 332, 343, 354, 405, 446, 481, 548, 571, 619, 702, 727, 737, 744], "summary": {"covered_lines": 46, "num_statements": 46, "percent_covered": 100.0, "percent_covered_display": "100", "missing_lines": 0, "excluded_lines": 0, "percent_statements_covered": 100.0, "percent_statements_covered_display": "100"}, "missing_lines": [], "excluded_lines": [], "start_line": 1}}}, "devops_collector/core/algorithms.py": {"executed_lines": [10, 11, 12, 15, 18, 19, 31, 32, 33, 34, 35, 36, 37, 38, 39, 40, 41, 42, 44, 45, 57, 58, 60, 61, 62, 63, 66, 67, 73, 74, 88, 89, 105, 108, 136, 161, 162, 164, 165, 166, 167, 169, 170, 172, 180, 181, 182, 183, 184, 185, 186, 187, 188, 189, 190, 191, 192, 193, 194, 196, 197, 198, 200, 203, 204, 206, 207, 208, 209, 210, 211, 212, 213, 214, 215, 216, 217, 218, 219, 220, 223, 226, 227, 229, 230], "summary": {"covered_lines": 85, "num_statements": 101, "percent_covered": 84.15841584158416, "percent_covered_display": "84", "missing_lines": 16, "excluded_lines": 0, "percent_statements_covered": 84.15841584158416, "percent_statements_covered_display": "84"}, "missing_lines": [64, 69, 70, 71, 84, 85, 86, 95, 96, 97, 98, 100, 101, 102, 199, 201], "excluded_lines": [], "functions": {"AgileMetrics.calculate_cycle_time": {"executed_lines": [31, 32, 33, 34, 35, 36, 37, 38, 39, 40, 41, 42], "summary": {"covered_lines": 12, "num_statements": 12, "percent_covered": 100.0, "percent_covered_display": "100", "missing_lines": 0, "excluded_lines": 0, "percent_statements_covered": 100.0, "percent_statements_covered_display": "100"}, "missing_lines": [], "excluded_lines": [], "start_line": 19}, "AgileMetrics.calculate_dora_lead_time": {"executed_lines": [57, 58, 60, 61, 62, 63], "summary": {"covered_lines": 6, "num_statements": 7, "percent_covered": 85.71428571428571, "percent_covered_display": "86", "missing_lines": 1, "excluded_lines": 0, "percent_statements_covered": 85.71428571428571, "percent_statements_covered_display": "86"}, "missing_lines": [64], "excluded_lines": [], "start_line": 45}, "AgileMetrics.calculate_deployment_frequency": {"executed_lines": [], "summary": {"covered_lines": 0, "num_statements": 3, "percent_covered": 0.0, "percent_covered_display": "0", "missing_lines": 3, "excluded_lines": 0, "percent_statements_covered": 0.0, "percent_statements_covered_display": "0"}, "missing_lines": [69, 70, 71], "excluded_lines": [], "start_line": 67}, "AgileMetrics.calculate_change_failure_rate": {"executed_lines": [], "summary": {"covered_lines": 0, "num_statements": 3, "percent_covered": 0.0, "percent_covered_display": "0", "missing_lines": 3, "excluded_lines": 0, "percent_statements_covered": 0.0, "percent_statements_covered_display": "0"}, "missing_lines": [84, 85, 86], "excluded_lines": [], "start_line": 74}, "AgileMetrics.calculate_mttr": {"executed_lines": [], "summary": {"covered_lines": 0, "num_statements": 7, "percent_covered": 0.0, "percent_covered_display": "0", "missing_lines": 7, "excluded_lines": 0, "percent_statements_covered": 0.0, "percent_statements_covered_display": "0"}, "missing_lines": [95, 96, 97, 98, 100, 101, 102], "excluded_lines": [], "start_line": 89}, "CodeMetrics.is_ignored": {"executed_lines": [164, 165, 166, 167], "summary": {"covered_lines": 4, "num_statements": 4, "percent_covered": 100.0, "percent_covered_display": "100", "missing_lines": 0, "excluded_lines": 0, "percent_statements_covered": 100.0, "percent_statements_covered_display": "100"}, "missing_lines": [], "excluded_lines": [], "start_line": 162}, "CodeMetrics.analyze_diff": {"executed_lines": [172, 180, 181, 182, 183, 184, 185, 186, 187, 188, 189, 190, 191, 192, 193, 194, 196, 197, 198, 200, 203, 204], "summary": {"covered_lines": 22, "num_statements": 24, "percent_covered": 91.66666666666667, "percent_covered_display": "92", "missing_lines": 2, "excluded_lines": 0, "percent_statements_covered": 91.66666666666667, "percent_statements_covered_display": "92"}, "missing_lines": [199, 201], "excluded_lines": [], "start_line": 170}, "CodeMetrics.get_file_category": {"executed_lines": [208, 209, 210, 211, 212, 213, 214, 215, 216, 217, 218, 219, 220], "summary": {"covered_lines": 13, "num_statements": 13, "percent_covered": 100.0, "percent_covered_display": "100", "missing_lines": 0, "excluded_lines": 0, "percent_statements_covered": 100.0, "percent_statements_covered_display": "100"}, "missing_lines": [], "excluded_lines": [], "start_line": 207}, "QualityMetrics.rating_to_letter": {"executed_lines": [229, 230], "summary": {"covered_lines": 2, "num_statements": 2, "percent_covered": 100.0, "percent_covered_display": "100", "missing_lines": 0, "excluded_lines": 0, "percent_statements_covered": 100.0, "percent_statements_covered_display": "100"}, "missing_lines": [], "excluded_lines": [], "start_line": 227}, "": {"executed_lines": [10, 11, 12, 15, 18, 19, 44, 45, 66, 67, 73, 74, 88, 89, 105, 108, 136, 161, 162, 169, 170, 206, 207, 223, 226, 227], "summary": {"covered_lines": 26, "num_statements": 26, "percent_covered": 100.0, "percent_covered_display": "100", "missing_lines": 0, "excluded_lines": 0, "percent_statements_covered": 100.0, "percent_statements_covered_display": "100"}, "missing_lines": [], "excluded_lines": [], "start_line": 1}}, "classes": {"AgileMetrics": {"executed_lines": [31, 32, 33, 34, 35, 36, 37, 38, 39, 40, 41, 42, 57, 58, 60, 61, 62, 63], "summary": {"covered_lines": 18, "num_statements": 32, "percent_covered": 56.25, "percent_covered_display": "56", "missing_lines": 14, "excluded_lines": 0, "percent_statements_covered": 56.25, "percent_statements_covered_display": "56"}, "missing_lines": [64, 69, 70, 71, 84, 85, 86, 95, 96, 97, 98, 100, 101, 102], "excluded_lines": [], "start_line": 15}, "CodeMetrics": {"executed_lines": [164, 165, 166, 167, 172, 180, 181, 182, 183, 184, 185, 186, 187, 188, 189, 190, 191, 192, 193, 194, 196, 197, 198, 200, 203, 204, 208, 209, 210, 211, 212, 213, 214, 215, 216, 217, 218, 219, 220], "summary": {"covered_lines": 39, "num_statements": 41, "percent_covered": 95.1219512195122, "percent_covered_display": "95", "missing_lines": 2, "excluded_lines": 0, "percent_statements_covered": 95.1219512195122, "percent_statements_covered_display": "95"}, "missing_lines": [199, 201], "excluded_lines": [], "start_line": 105}, "QualityMetrics": {"executed_lines": [229, 230], "summary": {"covered_lines": 2, "num_statements": 2, "percent_covered": 100.0, "percent_covered_display": "100", "missing_lines": 0, "excluded_lines": 0, "percent_statements_covered": 100.0, "percent_statements_covered_display": "100"}, "missing_lines": [], "excluded_lines": [], "start_line": 223}, "": {"executed_lines": [10, 11, 12, 15, 18, 19, 44, 45, 66, 67, 73, 74, 88, 89, 105, 108, 136, 161, 162, 169, 170, 206, 207, 223, 226, 227], "summary": {"covered_lines": 26, "num_statements": 26, "percent_covered": 100.0, "percent_covered_display": "100", "missing_lines": 0, "excluded_lines": 0, "percent_statements_covered": 100.0, "percent_statements_covered_display": "100"}, "missing_lines": [], "excluded_lines": [], "start_line": 1}}}, "devops_collector/core/analytics/eloc.py": {"executed_lines": [8, 9, 11, 14, 17, 18, 19, 20, 21, 22, 25, 28, 29, 30, 31, 32, 34, 35, 36, 38, 39, 42, 45, 61, 163, 171, 174, 177, 191, 194], "summary": {"covered_lines": 30, "num_statements": 100, "percent_covered": 30.0, "percent_covered_display": "30", "missing_lines": 70, "excluded_lines": 0, "percent_statements_covered": 30.0, "percent_statements_covered_display": "30"}, "missing_lines": [46, 48, 57, 59, 79, 82, 83, 85, 86, 90, 91, 92, 94, 95, 98, 99, 100, 102, 103, 105, 106, 107, 108, 111, 112, 114, 116, 117, 120, 121, 124, 125, 126, 127, 128, 129, 130, 131, 132, 134, 137, 140, 141, 143, 144, 145, 146, 148, 152, 153, 157, 159, 161, 165, 166, 167, 168, 169, 172, 175, 179, 180, 182, 183, 185, 186, 188, 189, 192, 195], "excluded_lines": [], "functions": {"ELOCAnalyzer.__init__": {"executed_lines": [], "summary": {"covered_lines": 0, "num_statements": 4, "percent_covered": 0.0, "percent_covered_display": "0", "missing_lines": 4, "excluded_lines": 0, "percent_statements_covered": 0.0, "percent_statements_covered_display": "0"}, "missing_lines": [46, 48, 57, 59], "excluded_lines": [], "start_line": 45}, "ELOCAnalyzer.analyze_commit_diff": {"executed_lines": [], "summary": {"covered_lines": 0, "num_statements": 49, "percent_covered": 0.0, "percent_covered_display": "0", "missing_lines": 49, "excluded_lines": 0, "percent_statements_covered": 0.0, "percent_statements_covered_display": "0"}, "missing_lines": [79, 82, 83, 85, 86, 90, 91, 92, 94, 95, 98, 99, 100, 102, 103, 105, 106, 107, 108, 111, 112, 114, 116, 117, 120, 121, 124, 125, 126, 127, 128, 129, 130, 131, 132, 134, 137, 140, 141, 143, 144, 145, 146, 148, 152, 153, 157, 159, 161], "excluded_lines": [], "start_line": 61}, "ELOCAnalyzer._get_file_weight": {"executed_lines": [], "summary": {"covered_lines": 0, "num_statements": 5, "percent_covered": 0.0, "percent_covered_display": "0", "missing_lines": 5, "excluded_lines": 0, "percent_statements_covered": 0.0, "percent_statements_covered_display": "0"}, "missing_lines": [165, 166, 167, 168, 169], "excluded_lines": [], "start_line": 163}, "ELOCAnalyzer._is_generated": {"executed_lines": [], "summary": {"covered_lines": 0, "num_statements": 1, "percent_covered": 0.0, "percent_covered_display": "0", "missing_lines": 1, "excluded_lines": 0, "percent_statements_covered": 0.0, "percent_statements_covered_display": "0"}, "missing_lines": [172], "excluded_lines": [], "start_line": 171}, "ELOCAnalyzer._is_test_file": {"executed_lines": [], "summary": {"covered_lines": 0, "num_statements": 1, "percent_covered": 0.0, "percent_covered_display": "0", "missing_lines": 1, "excluded_lines": 0, "percent_statements_covered": 0.0, "percent_statements_covered_display": "0"}, "missing_lines": [175], "excluded_lines": [], "start_line": 174}, "ELOCAnalyzer._is_comment_line": {"executed_lines": [], "summary": {"covered_lines": 0, "num_statements": 8, "percent_covered": 0.0, "percent_covered_display": "0", "missing_lines": 8, "excluded_lines": 0, "percent_statements_covered": 0.0, "percent_statements_covered_display": "0"}, "missing_lines": [179, 180, 182, 183, 185, 186, 188, 189], "excluded_lines": [], "start_line": 177}, "ELOCAnalyzer._is_high_value_comment": {"executed_lines": [], "summary": {"covered_lines": 0, "num_statements": 1, "percent_covered": 0.0, "percent_covered_display": "0", "missing_lines": 1, "excluded_lines": 0, "percent_statements_covered": 0.0, "percent_statements_covered_display": "0"}, "missing_lines": [192], "excluded_lines": [], "start_line": 191}, "ELOCAnalyzer._is_dead_code": {"executed_lines": [], "summary": {"covered_lines": 0, "num_statements": 1, "percent_covered": 0.0, "percent_covered_display": "0", "missing_lines": 1, "excluded_lines": 0, "percent_statements_covered": 0.0, "percent_statements_covered_display": "0"}, "missing_lines": [195], "excluded_lines": [], "start_line": 194}, "": {"executed_lines": [8, 9, 11, 14, 17, 18, 19, 20, 21, 22, 25, 28, 29, 30, 31, 32, 34, 35, 36, 38, 39, 42, 45, 61, 163, 171, 174, 177, 191, 194], "summary": {"covered_lines": 30, "num_statements": 30, "percent_covered": 100.0, "percent_covered_display": "100", "missing_lines": 0, "excluded_lines": 0, "percent_statements_covered": 100.0, "percent_statements_covered_display": "100"}, "missing_lines": [], "excluded_lines": [], "start_line": 1}}, "classes": {"ELOCOptions": {"executed_lines": [], "summary": {"covered_lines": 0, "num_statements": 0, "percent_covered": 100.0, "percent_covered_display": "100", "missing_lines": 0, "excluded_lines": 0, "percent_statements_covered": 100.0, "percent_statements_covered_display": "100"}, "missing_lines": [], "excluded_lines": [], "start_line": 14}, "ELOCResult": {"executed_lines": [], "summary": {"covered_lines": 0, "num_statements": 0, "percent_covered": 100.0, "percent_covered_display": "100", "missing_lines": 0, "excluded_lines": 0, "percent_statements_covered": 100.0, "percent_statements_covered_display": "100"}, "missing_lines": [], "excluded_lines": [], "start_line": 25}, "ELOCAnalyzer": {"executed_lines": [], "summary": {"covered_lines": 0, "num_statements": 70, "percent_covered": 0.0, "percent_covered_display": "0", "missing_lines": 70, "excluded_lines": 0, "percent_statements_covered": 0.0, "percent_statements_covered_display": "0"}, "missing_lines": [46, 48, 57, 59, 79, 82, 83, 85, 86, 90, 91, 92, 94, 95, 98, 99, 100, 102, 103, 105, 106, 107, 108, 111, 112, 114, 116, 117, 120, 121, 124, 125, 126, 127, 128, 129, 130, 131, 132, 134, 137, 140, 141, 143, 144, 145, 146, 148, 152, 153, 157, 159, 161, 165, 166, 167, 168, 169, 172, 175, 179, 180, 182, 183, 185, 186, 188, 189, 192, 195], "excluded_lines": [], "start_line": 42}, "": {"executed_lines": [8, 9, 11, 14, 17, 18, 19, 20, 21, 22, 25, 28, 29, 30, 31, 32, 34, 35, 36, 38, 39, 42, 45, 61, 163, 171, 174, 177, 191, 194], "summary": {"covered_lines": 30, "num_statements": 30, "percent_covered": 100.0, "percent_covered_display": "100", "missing_lines": 0, "excluded_lines": 0, "percent_statements_covered": 100.0, "percent_statements_covered_display": "100"}, "missing_lines": [], "excluded_lines": [], "start_line": 1}}}, "devops_collector/core/base_client.py": {"executed_lines": [14, 15, 16, 17, 19, 20, 23, 26, 39, 45, 46, 47, 49, 55, 56, 57, 58, 59, 60, 61, 62, 63, 65, 67, 69, 70, 73, 78, 79, 80, 81, 83, 84, 85, 88, 115, 127, 128, 129, 130, 131, 132, 135, 136, 137, 138, 139, 142, 143, 144, 146, 148, 149, 151, 153, 154, 155, 157, 159, 161, 163, 164, 165, 166, 167, 168, 170, 172, 174, 175, 177, 183, 185, 186, 187, 188, 189, 190, 195, 196, 197, 198, 199, 202, 203, 210, 216, 242, 247, 267, 268], "summary": {"covered_lines": 91, "num_statements": 138, "percent_covered": 65.94202898550725, "percent_covered_display": "66", "missing_lines": 47, "excluded_lines": 0, "percent_statements_covered": 65.94202898550725, "percent_statements_covered_display": "66"}, "missing_lines": [173, 191, 192, 193, 194, 200, 201, 204, 205, 206, 207, 208, 224, 225, 226, 227, 228, 229, 230, 231, 232, 233, 234, 235, 236, 237, 238, 239, 240, 249, 250, 251, 252, 253, 254, 255, 256, 257, 258, 259, 260, 261, 262, 263, 264, 265, 274], "excluded_lines": [], "functions": {"RateLimiter.__init__": {"executed_lines": [45, 46, 47], "summary": {"covered_lines": 3, "num_statements": 3, "percent_covered": 100.0, "percent_covered_display": "100", "missing_lines": 0, "excluded_lines": 0, "percent_statements_covered": 100.0, "percent_statements_covered_display": "100"}, "missing_lines": [], "excluded_lines": [], "start_line": 39}, "RateLimiter.get_token": {"executed_lines": [55, 56, 57, 58, 59, 60, 61, 62, 63, 65], "summary": {"covered_lines": 10, "num_statements": 10, "percent_covered": 100.0, "percent_covered_display": "100", "missing_lines": 0, "excluded_lines": 0, "percent_statements_covered": 100.0, "percent_statements_covered_display": "100"}, "missing_lines": [], "excluded_lines": [], "start_line": 49}, "RateLimiter.wait_for_token": {"executed_lines": [69, 70], "summary": {"covered_lines": 2, "num_statements": 2, "percent_covered": 100.0, "percent_covered_display": "100", "missing_lines": 0, "excluded_lines": 0, "percent_statements_covered": 100.0, "percent_statements_covered_display": "100"}, "missing_lines": [], "excluded_lines": [], "start_line": 67}, "is_retryable_exception": {"executed_lines": [78, 79, 80, 81, 83, 84, 85], "summary": {"covered_lines": 7, "num_statements": 7, "percent_covered": 100.0, "percent_covered_display": "100", "missing_lines": 0, "excluded_lines": 0, "percent_statements_covered": 100.0, "percent_statements_covered_display": "100"}, "missing_lines": [], "excluded_lines": [], "start_line": 73}, "BaseClient.__init__": {"executed_lines": [127, 128, 129, 130, 131, 132, 135, 136, 137, 138, 139, 142, 143, 144], "summary": {"covered_lines": 14, "num_statements": 14, "percent_covered": 100.0, "percent_covered_display": "100", "missing_lines": 0, "excluded_lines": 0, "percent_statements_covered": 100.0, "percent_statements_covered_display": "100"}, "missing_lines": [], "excluded_lines": [], "start_line": 115}, "BaseClient._mask_headers": {"executed_lines": [148, 149], "summary": {"covered_lines": 2, "num_statements": 2, "percent_covered": 100.0, "percent_covered_display": "100", "missing_lines": 0, "excluded_lines": 0, "percent_statements_covered": 100.0, "percent_statements_covered_display": "100"}, "missing_lines": [], "excluded_lines": [], "start_line": 146}, "BaseClient._check_circuit": {"executed_lines": [153, 154, 155, 157, 159], "summary": {"covered_lines": 5, "num_statements": 5, "percent_covered": 100.0, "percent_covered_display": "100", "missing_lines": 0, "excluded_lines": 0, "percent_statements_covered": 100.0, "percent_statements_covered_display": "100"}, "missing_lines": [], "excluded_lines": [], "start_line": 151}, "BaseClient._handle_failure": {"executed_lines": [163, 164, 165, 166, 167, 168], "summary": {"covered_lines": 6, "num_statements": 6, "percent_covered": 100.0, "percent_covered_display": "100", "missing_lines": 0, "excluded_lines": 0, "percent_statements_covered": 100.0, "percent_statements_covered_display": "100"}, "missing_lines": [], "excluded_lines": [], "start_line": 161}, "BaseClient._handle_success": {"executed_lines": [172, 174, 175], "summary": {"covered_lines": 3, "num_statements": 4, "percent_covered": 75.0, "percent_covered_display": "75", "missing_lines": 1, "excluded_lines": 0, "percent_statements_covered": 75.0, "percent_statements_covered_display": "75"}, "missing_lines": [173], "excluded_lines": [], "start_line": 170}, "BaseClient._get": {"executed_lines": [185, 186, 187, 188, 189, 190, 195, 196, 197, 198, 199, 202, 203], "summary": {"covered_lines": 13, "num_statements": 24, "percent_covered": 54.166666666666664, "percent_covered_display": "54", "missing_lines": 11, "excluded_lines": 0, "percent_statements_covered": 54.166666666666664, "percent_statements_covered_display": "54"}, "missing_lines": [191, 192, 193, 194, 200, 201, 204, 205, 206, 207, 208], "excluded_lines": [], "start_line": 183}, "BaseClient._post": {"executed_lines": [], "summary": {"covered_lines": 0, "num_statements": 17, "percent_covered": 0.0, "percent_covered_display": "0", "missing_lines": 17, "excluded_lines": 0, "percent_statements_covered": 0.0, "percent_statements_covered_display": "0"}, "missing_lines": [224, 225, 226, 227, 228, 229, 230, 231, 232, 233, 234, 235, 236, 237, 238, 239, 240], "excluded_lines": [], "start_line": 216}, "BaseClient._put": {"executed_lines": [], "summary": {"covered_lines": 0, "num_statements": 17, "percent_covered": 0.0, "percent_covered_display": "0", "missing_lines": 17, "excluded_lines": 0, "percent_statements_covered": 0.0, "percent_statements_covered_display": "0"}, "missing_lines": [249, 250, 251, 252, 253, 254, 255, 256, 257, 258, 259, 260, 261, 262, 263, 264, 265], "excluded_lines": [], "start_line": 247}, "BaseClient.test_connection": {"executed_lines": [], "summary": {"covered_lines": 0, "num_statements": 1, "percent_covered": 0.0, "percent_covered_display": "0", "missing_lines": 1, "excluded_lines": 0, "percent_statements_covered": 0.0, "percent_statements_covered_display": "0"}, "missing_lines": [274], "excluded_lines": [], "start_line": 268}, "": {"executed_lines": [14, 15, 16, 17, 19, 20, 23, 26, 39, 49, 67, 73, 88, 115, 146, 151, 161, 170, 177, 183, 210, 216, 242, 247, 267, 268], "summary": {"covered_lines": 26, "num_statements": 26, "percent_covered": 100.0, "percent_covered_display": "100", "missing_lines": 0, "excluded_lines": 0, "percent_statements_covered": 100.0, "percent_statements_covered_display": "100"}, "missing_lines": [], "excluded_lines": [], "start_line": 1}}, "classes": {"RateLimiter": {"executed_lines": [45, 46, 47, 55, 56, 57, 58, 59, 60, 61, 62, 63, 65, 69, 70], "summary": {"covered_lines": 15, "num_statements": 15, "percent_covered": 100.0, "percent_covered_display": "100", "missing_lines": 0, "excluded_lines": 0, "percent_statements_covered": 100.0, "percent_statements_covered_display": "100"}, "missing_lines": [], "excluded_lines": [], "start_line": 26}, "BaseClient": {"executed_lines": [127, 128, 129, 130, 131, 132, 135, 136, 137, 138, 139, 142, 143, 144, 148, 149, 153, 154, 155, 157, 159, 163, 164, 165, 166, 167, 168, 172, 174, 175, 185, 186, 187, 188, 189, 190, 195, 196, 197, 198, 199, 202, 203], "summary": {"covered_lines": 43, "num_statements": 90, "percent_covered": 47.77777777777778, "percent_covered_display": "48", "missing_lines": 47, "excluded_lines": 0, "percent_statements_covered": 47.77777777777778, "percent_statements_covered_display": "48"}, "missing_lines": [173, 191, 192, 193, 194, 200, 201, 204, 205, 206, 207, 208, 224, 225, 226, 227, 228, 229, 230, 231, 232, 233, 234, 235, 236, 237, 238, 239, 240, 249, 250, 251, 252, 253, 254, 255, 256, 257, 258, 259, 260, 261, 262, 263, 264, 265, 274], "excluded_lines": [], "start_line": 88}, "": {"executed_lines": [14, 15, 16, 17, 19, 20, 23, 26, 39, 49, 67, 73, 78, 79, 80, 81, 83, 84, 85, 88, 115, 146, 151, 161, 170, 177, 183, 210, 216, 242, 247, 267, 268], "summary": {"covered_lines": 33, "num_statements": 33, "percent_covered": 100.0, "percent_covered_display": "100", "missing_lines": 0, "excluded_lines": 0, "percent_statements_covered": 100.0, "percent_statements_covered_display": "100"}, "missing_lines": [], "excluded_lines": [], "start_line": 1}}}, "devops_collector/core/base_plugin.py": {"executed_lines": [5, 6, 7, 10, 11, 14, 15, 16, 17, 18, 19, 22, 29, 30, 31, 35, 36, 40, 41, 45, 48, 50, 51, 52, 53, 57, 61, 63, 65], "summary": {"covered_lines": 29, "num_statements": 36, "percent_covered": 80.55555555555556, "percent_covered_display": "81", "missing_lines": 7, "excluded_lines": 0, "percent_statements_covered": 80.55555555555556, "percent_statements_covered_display": "81"}, "missing_lines": [33, 38, 43, 54, 55, 59, 67], "excluded_lines": [], "functions": {"BasePlugin.metadata": {"executed_lines": [], "summary": {"covered_lines": 0, "num_statements": 1, "percent_covered": 0.0, "percent_covered_display": "0", "missing_lines": 1, "excluded_lines": 0, "percent_statements_covered": 0.0, "percent_statements_covered_display": "0"}, "missing_lines": [33], "excluded_lines": [], "start_line": 31}, "BasePlugin.get_worker_class": {"executed_lines": [], "summary": {"covered_lines": 0, "num_statements": 1, "percent_covered": 0.0, "percent_covered_display": "0", "missing_lines": 1, "excluded_lines": 0, "percent_statements_covered": 0.0, "percent_statements_covered_display": "0"}, "missing_lines": [38], "excluded_lines": [], "start_line": 36}, "BasePlugin.get_client_class": {"executed_lines": [], "summary": {"covered_lines": 0, "num_statements": 1, "percent_covered": 0.0, "percent_covered_display": "0", "missing_lines": 1, "excluded_lines": 0, "percent_statements_covered": 0.0, "percent_statements_covered_display": "0"}, "missing_lines": [43], "excluded_lines": [], "start_line": 41}, "BasePlugin.get_config_getter": {"executed_lines": [48, 50, 51, 52, 53], "summary": {"covered_lines": 5, "num_statements": 7, "percent_covered": 71.42857142857143, "percent_covered_display": "71", "missing_lines": 2, "excluded_lines": 0, "percent_statements_covered": 71.42857142857143, "percent_statements_covered_display": "71"}, "missing_lines": [54, 55], "excluded_lines": [], "start_line": 45}, "BasePlugin.health_check": {"executed_lines": [], "summary": {"covered_lines": 0, "num_statements": 1, "percent_covered": 0.0, "percent_covered_display": "0", "missing_lines": 1, "excluded_lines": 0, "percent_statements_covered": 0.0, "percent_statements_covered_display": "0"}, "missing_lines": [59], "excluded_lines": [], "start_line": 57}, "BasePlugin.on_setup": {"executed_lines": [63], "summary": {"covered_lines": 1, "num_statements": 1, "percent_covered": 100.0, "percent_covered_display": "100", "missing_lines": 0, "excluded_lines": 0, "percent_statements_covered": 100.0, "percent_statements_covered_display": "100"}, "missing_lines": [], "excluded_lines": [], "start_line": 61}, "BasePlugin.on_teardown": {"executed_lines": [], "summary": {"covered_lines": 0, "num_statements": 1, "percent_covered": 0.0, "percent_covered_display": "0", "missing_lines": 1, "excluded_lines": 0, "percent_statements_covered": 0.0, "percent_statements_covered_display": "0"}, "missing_lines": [67], "excluded_lines": [], "start_line": 65}, "": {"executed_lines": [5, 6, 7, 10, 11, 14, 15, 16, 17, 18, 19, 22, 29, 30, 31, 35, 36, 40, 41, 45, 57, 61, 65], "summary": {"covered_lines": 23, "num_statements": 23, "percent_covered": 100.0, "percent_covered_display": "100", "missing_lines": 0, "excluded_lines": 0, "percent_statements_covered": 100.0, "percent_statements_covered_display": "100"}, "missing_lines": [], "excluded_lines": [], "start_line": 1}}, "classes": {"PluginMetadata": {"executed_lines": [], "summary": {"covered_lines": 0, "num_statements": 0, "percent_covered": 100.0, "percent_covered_display": "100", "missing_lines": 0, "excluded_lines": 0, "percent_statements_covered": 100.0, "percent_statements_covered_display": "100"}, "missing_lines": [], "excluded_lines": [], "start_line": 11}, "BasePlugin": {"executed_lines": [48, 50, 51, 52, 53, 63], "summary": {"covered_lines": 6, "num_statements": 13, "percent_covered": 46.15384615384615, "percent_covered_display": "46", "missing_lines": 7, "excluded_lines": 0, "percent_statements_covered": 46.15384615384615, "percent_statements_covered_display": "46"}, "missing_lines": [33, 38, 43, 54, 55, 59, 67], "excluded_lines": [], "start_line": 22}, "": {"executed_lines": [5, 6, 7, 10, 11, 14, 15, 16, 17, 18, 19, 22, 29, 30, 31, 35, 36, 40, 41, 45, 57, 61, 65], "summary": {"covered_lines": 23, "num_statements": 23, "percent_covered": 100.0, "percent_covered_display": "100", "missing_lines": 0, "excluded_lines": 0, "percent_statements_covered": 100.0, "percent_statements_covered_display": "100"}, "missing_lines": [], "excluded_lines": [], "start_line": 1}}}, "devops_collector/core/base_worker.py": {"executed_lines": [9, 10, 11, 12, 14, 17, 20, 23, 25, 33, 34, 35, 37, 39, 40, 44, 58, 59, 60, 61, 62, 63, 64, 65, 66, 67, 68, 69, 70, 71, 72, 73, 74, 75, 76, 77, 78, 79, 80, 81, 82, 83, 84, 85, 88, 90, 92, 94, 96, 97, 101, 103, 104, 106, 108, 110, 112, 121, 123, 124, 125, 133, 134, 136, 137, 138, 139, 140, 142, 143, 144, 148, 155, 156, 157, 161, 162, 163, 164, 165, 166, 167, 170, 171, 174, 176, 178, 179, 180, 181, 183, 184, 187, 188, 190, 193, 194, 197, 208, 211, 213], "summary": {"covered_lines": 101, "num_statements": 108, "percent_covered": 93.51851851851852, "percent_covered_display": "94", "missing_lines": 7, "excluded_lines": 0, "percent_statements_covered": 93.51851
[...]
ered_display": "100"}, "missing_lines": [], "excluded_lines": [], "start_line": 10}, "TestCase": {"executed_lines": [], "summary": {"covered_lines": 0, "num_statements": 0, "percent_covered": 100.0, "percent_covered_display": "100", "missing_lines": 0, "excluded_lines": 0, "percent_statements_covered": 100.0, "percent_statements_covered_display": "100"}, "missing_lines": [], "excluded_lines": [], "start_line": 19}, "ExecutionRecord": {"executed_lines": [], "summary": {"covered_lines": 0, "num_statements": 0, "percent_covered": 100.0, "percent_covered_display": "100", "missing_lines": 0, "excluded_lines": 0, "percent_statements_covered": 100.0, "percent_statements_covered_display": "100"}, "missing_lines": [], "excluded_lines": [], "start_line": 38}, "TestCaseCreate": {"executed_lines": [], "summary": {"covered_lines": 0, "num_statements": 0, "percent_covered": 100.0, "percent_covered_display": "100", "missing_lines": 0, "excluded_lines": 0, "percent_statements_covered": 100.0, "percent_statements_covered_display": "100"}, "missing_lines": [], "excluded_lines": [], "start_line": 51}, "RequirementSummary": {"executed_lines": [], "summary": {"covered_lines": 0, "num_statements": 0, "percent_covered": 100.0, "percent_covered_display": "100", "missing_lines": 0, "excluded_lines": 0, "percent_statements_covered": 100.0, "percent_statements_covered_display": "100"}, "missing_lines": [], "excluded_lines": [], "start_line": 65}, "RequirementDetail": {"executed_lines": [], "summary": {"covered_lines": 0, "num_statements": 0, "percent_covered": 100.0, "percent_covered_display": "100", "missing_lines": 0, "excluded_lines": 0, "percent_statements_covered": 100.0, "percent_statements_covered_display": "100"}, "missing_lines": [], "excluded_lines": [], "start_line": 74}, "RequirementCoverage": {"executed_lines": [], "summary": {"covered_lines": 0, "num_statements": 0, "percent_covered": 100.0, "percent_covered_display": "100", "missing_lines": 0, "excluded_lines": 0, "percent_statements_covered": 100.0, "percent_statements_covered_display": "100"}, "missing_lines": [], "excluded_lines": [], "start_line": 86}, "ProvinceQuality": {"executed_lines": [], "summary": {"covered_lines": 0, "num_statements": 0, "percent_covered": 100.0, "percent_covered_display": "100", "missing_lines": 0, "excluded_lines": 0, "percent_statements_covered": 100.0, "percent_statements_covered_display": "100"}, "missing_lines": [], "excluded_lines": [], "start_line": 98}, "QualityGateStatus": {"executed_lines": [], "summary": {"covered_lines": 0, "num_statements": 0, "percent_covered": 100.0, "percent_covered_display": "100", "missing_lines": 0, "excluded_lines": 0, "percent_statements_covered": 100.0, "percent_statements_covered_display": "100"}, "missing_lines": [], "excluded_lines": [], "start_line": 106}, "AssetTestCase": {"executed_lines": [], "summary": {"covered_lines": 0, "num_statements": 0, "percent_covered": 100.0, "percent_covered_display": "100", "missing_lines": 0, "excluded_lines": 0, "percent_statements_covered": 100.0, "percent_statements_covered_display": "100"}, "missing_lines": [], "excluded_lines": [], "start_line": 117}, "ProvinceBenchmarking": {"executed_lines": [], "summary": {"covered_lines": 0, "num_statements": 0, "percent_covered": 100.0, "percent_covered_display": "100", "missing_lines": 0, "excluded_lines": 0, "percent_statements_covered": 100.0, "percent_statements_covered_display": "100"}, "missing_lines": [], "excluded_lines": [], "start_line": 129}, "ExecutionReport": {"executed_lines": [], "summary": {"covered_lines": 0, "num_statements": 0, "percent_covered": 100.0, "percent_covered_display": "100", "missing_lines": 0, "excluded_lines": 0, "percent_statements_covered": 100.0, "percent_statements_covered_display": "100"}, "missing_lines": [], "excluded_lines": [], "start_line": 144}, "ServiceDeskBugSubmit": {"executed_lines": [], "summary": {"covered_lines": 0, "num_statements": 0, "percent_covered": 100.0, "percent_covered_display": "100", "missing_lines": 0, "excluded_lines": 0, "percent_statements_covered": 100.0, "percent_statements_covered_display": "100"}, "missing_lines": [], "excluded_lines": [], "start_line": 153}, "ServiceDeskRequirementSubmit": {"executed_lines": [], "summary": {"covered_lines": 0, "num_statements": 0, "percent_covered": 100.0, "percent_covered_display": "100", "missing_lines": 0, "excluded_lines": 0, "percent_statements_covered": 100.0, "percent_statements_covered_display": "100"}, "missing_lines": [], "excluded_lines": [], "start_line": 170}, "ServiceDeskTicket": {"executed_lines": [], "summary": {"covered_lines": 0, "num_statements": 0, "percent_covered": 100.0, "percent_covered_display": "100", "missing_lines": 0, "excluded_lines": 0, "percent_statements_covered": 100.0, "percent_statements_covered_display": "100"}, "missing_lines": [], "excluded_lines": [], "start_line": 184}, "BugCreate": {"executed_lines": [], "summary": {"covered_lines": 0, "num_statements": 0, "percent_covered": 100.0, "percent_covered_display": "100", "missing_lines": 0, "excluded_lines": 0, "percent_statements_covered": 100.0, "percent_statements_covered_display": "100"}, "missing_lines": [], "excluded_lines": [], "start_line": 196}, "RequirementCreate": {"executed_lines": [], "summary": {"covered_lines": 0, "num_statements": 0, "percent_covered": 100.0, "percent_covered_display": "100", "missing_lines": 0, "excluded_lines": 0, "percent_statements_covered": 100.0, "percent_statements_covered_display": "100"}, "missing_lines": [], "excluded_lines": [], "start_line": 213}, "BugDetail": {"executed_lines": [], "summary": {"covered_lines": 0, "num_statements": 0, "percent_covered": 100.0, "percent_covered_display": "100", "missing_lines": 0, "excluded_lines": 0, "percent_statements_covered": 100.0, "percent_statements_covered_display": "100"}, "missing_lines": [], "excluded_lines": [], "start_line": 223}, "MRSummary": {"executed_lines": [], "summary": {"covered_lines": 0, "num_statements": 0, "percent_covered": 100.0, "percent_covered_display": "100", "missing_lines": 0, "excluded_lines": 0, "percent_statements_covered": 100.0, "percent_statements_covered_display": "100"}, "missing_lines": [], "excluded_lines": [], "start_line": 235}, "JenkinsJobSummary": {"executed_lines": [], "summary": {"covered_lines": 0, "num_statements": 0, "percent_covered": 100.0, "percent_covered_display": "100", "missing_lines": 0, "excluded_lines": 0, "percent_statements_covered": 100.0, "percent_statements_covered_display": "100"}, "missing_lines": [], "excluded_lines": [], "start_line": 249}, "JenkinsBuildSummary": {"executed_lines": [], "summary": {"covered_lines": 0, "num_statements": 0, "percent_covered": 100.0, "percent_covered_display": "100", "missing_lines": 0, "excluded_lines": 0, "percent_statements_covered": 100.0, "percent_statements_covered_display": "100"}, "missing_lines": [], "excluded_lines": [], "start_line": 263}, "AIResponse": {"executed_lines": [], "summary": {"covered_lines": 0, "num_statements": 0, "percent_covered": 100.0, "percent_covered_display": "100", "missing_lines": 0, "excluded_lines": 0, "percent_statements_covered": 100.0, "percent_statements_covered_display": "100"}, "missing_lines": [], "excluded_lines": [], "start_line": 274}, "IdentityMappingCreate": {"executed_lines": [], "summary": {"covered_lines": 0, "num_statements": 0, "percent_covered": 100.0, "percent_covered_display": "100", "missing_lines": 0, "excluded_lines": 0, "percent_statements_covered": 100.0, "percent_statements_covered_display": "100"}, "missing_lines": [], "excluded_lines": [], "start_line": 282}, "IdentityMappingView": {"executed_lines": [], "summary": {"covered_lines": 0, "num_statements": 0, "percent_covered": 100.0, "percent_covered_display": "100", "missing_lines": 0, "excluded_lines": 0, "percent_statements_covered": 100.0, "percent_statements_covered_display": "100"}, "missing_lines": [], "excluded_lines": [], "start_line": 292}, "IdentityMappingUpdateStatus": {"executed_lines": [], "summary": {"covered_lines": 0, "num_statements": 0, "percent_covered": 100.0, "percent_covered_display": "100", "missing_lines": 0, "excluded_lines": 0, "percent_statements_covered": 100.0, "percent_statements_covered_display": "100"}, "missing_lines": [], "excluded_lines": [], "start_line": 304}, "TeamMemberView": {"executed_lines": [], "summary": {"covered_lines": 0, "num_statements": 0, "percent_covered": 100.0, "percent_covered_display": "100", "missing_lines": 0, "excluded_lines": 0, "percent_statements_covered": 100.0, "percent_statements_covered_display": "100"}, "missing_lines": [], "excluded_lines": [], "start_line": 310}, "TeamView": {"executed_lines": [], "summary": {"covered_lines": 0, "num_statements": 0, "percent_covered": 100.0, "percent_covered_display": "100", "missing_lines": 0, "excluded_lines": 0, "percent_statements_covered": 100.0, "percent_statements_covered_display": "100"}, "missing_lines": [], "excluded_lines": [], "start_line": 320}, "TeamCreate": {"executed_lines": [], "summary": {"covered_lines": 0, "num_statements": 0, "percent_covered": 100.0, "percent_covered_display": "100", "missing_lines": 0, "excluded_lines": 0, "percent_statements_covered": 100.0, "percent_statements_covered_display": "100"}, "missing_lines": [], "excluded_lines": [], "start_line": 335}, "TeamMemberCreate": {"executed_lines": [], "summary": {"covered_lines": 0, "num_statements": 0, "percent_covered": 100.0, "percent_covered_display": "100", "missing_lines": 0, "excluded_lines": 0, "percent_statements_covered": 100.0, "percent_statements_covered_display": "100"}, "missing_lines": [], "excluded_lines": [], "start_line": 346}, "UserFullProfile": {"executed_lines": [], "summary": {"covered_lines": 0, "num_statements": 0, "percent_covered": 100.0, "percent_covered_display": "100", "missing_lines": 0, "excluded_lines": 0, "percent_statements_covered": 100.0, "percent_statements_covered_display": "100"}, "missing_lines": [], "excluded_lines": [], "start_line": 354}, "ProductView": {"executed_lines": [], "summary": {"covered_lines": 0, "num_statements": 0, "percent_covered": 100.0, "percent_covered_display": "100", "missing_lines": 0, "excluded_lines": 0, "percent_statements_covered": 100.0, "percent_statements_covered_display": "100"}, "missing_lines": [], "excluded_lines": [], "start_line": 369}, "ProductCreate": {"executed_lines": [], "summary": {"covered_lines": 0, "num_statements": 0, "percent_covered": 100.0, "percent_covered_display": "100", "missing_lines": 0, "excluded_lines": 0, "percent_statements_covered": 100.0, "percent_statements_covered_display": "100"}, "missing_lines": [], "excluded_lines": [], "start_line": 381}, "ProjectProductRelationView": {"executed_lines": [], "summary": {"covered_lines": 0, "num_statements": 0, "percent_covered": 100.0, "percent_covered_display": "100", "missing_lines": 0, "excluded_lines": 0, "percent_statements_covered": 100.0, "percent_statements_covered_display": "100"}, "missing_lines": [], "excluded_lines": [], "start_line": 394}, "ProjectProductRelationCreate": {"executed_lines": [], "summary": {"covered_lines": 0, "num_statements": 0, "percent_covered": 100.0, "percent_covered_display": "100", "missing_lines": 0, "excluded_lines": 0, "percent_statements_covered": 100.0, "percent_statements_covered_display": "100"}, "missing_lines": [], "excluded_lines": [], "start_line": 406}, "OrganizationCreate": {"executed_lines": [], "summary": {"covered_lines": 0, "num_statements": 0, "percent_covered": 100.0, "percent_covered_display": "100", "missing_lines": 0, "excluded_lines": 0, "percent_statements_covered": 100.0, "percent_statements_covered_display": "100"}, "missing_lines": [], "excluded_lines": [], "start_line": 415}, "OrganizationView": {"executed_lines": [], "summary": {"covered_lines": 0, "num_statements": 0, "percent_covered": 100.0, "percent_covered_display": "100", "missing_lines": 0, "excluded_lines": 0, "percent_statements_covered": 100.0, "percent_statements_covered_display": "100"}, "missing_lines": [], "excluded_lines": [], "start_line": 427}, "ImportSummary": {"executed_lines": [], "summary": {"covered_lines": 0, "num_statements": 0, "percent_covered": 100.0, "percent_covered_display": "100", "missing_lines": 0, "excluded_lines": 0, "percent_statements_covered": 100.0, "percent_statements_covered_display": "100"}, "missing_lines": [], "excluded_lines": [], "start_line": 436}, "TraceabilityMatrixItem": {"executed_lines": [], "summary": {"covered_lines": 0, "num_statements": 0, "percent_covered": 100.0, "percent_covered_display": "100", "missing_lines": 0, "excluded_lines": 0, "percent_statements_covered": 100.0, "percent_statements_covered_display": "100"}, "missing_lines": [], "excluded_lines": [], "start_line": 445}, "JFrogArtifactSummary": {"executed_lines": [], "summary": {"covered_lines": 0, "num_statements": 0, "percent_covered": 100.0, "percent_covered_display": "100", "missing_lines": 0, "excluded_lines": 0, "percent_statements_covered": 100.0, "percent_statements_covered_display": "100"}, "missing_lines": [], "excluded_lines": [], "start_line": 455}, "NexusComponentSummary": {"executed_lines": [], "summary": {"covered_lines": 0, "num_statements": 0, "percent_covered": 100.0, "percent_covered_display": "100", "missing_lines": 0, "excluded_lines": 0, "percent_statements_covered": 100.0, "percent_statements_covered_display": "100"}, "missing_lines": [], "excluded_lines": [], "start_line": 469}, "DependencyScanResult": {"executed_lines": [], "summary": {"covered_lines": 0, "num_statements": 0, "percent_covered": 100.0, "percent_covered_display": "100", "missing_lines": 0, "excluded_lines": 0, "percent_statements_covered": 100.0, "percent_statements_covered_display": "100"}, "missing_lines": [], "excluded_lines": [], "start_line": 482}, "DependencyScanSummary": {"executed_lines": [], "summary": {"covered_lines": 0, "num_statements": 0, "percent_covered": 100.0, "percent_covered_display": "100", "missing_lines": 0, "excluded_lines": 0, "percent_statements_covered": 100.0, "percent_statements_covered_display": "100"}, "missing_lines": [], "excluded_lines": [], "start_line": 491}, "AuditLogView": {"executed_lines": [], "summary": {"covered_lines": 0, "num_statements": 0, "percent_covered": 100.0, "percent_covered_display": "100", "missing_lines": 0, "excluded_lines": 0, "percent_statements_covered": 100.0, "percent_statements_covered_display": "100"}, "missing_lines": [], "excluded_lines": [], "start_line": 507}, "AuditLogQuery": {"executed_lines": [], "summary": {"covered_lines": 0, "num_statements": 0, "percent_covered": 100.0, "percent_covered_display": "100", "missing_lines": 0, "excluded_lines": 0, "percent_statements_covered": 100.0, "percent_statements_covered_display": "100"}, "missing_lines": [], "excluded_lines": [], "start_line": 526}, "": {"executed_lines": [3, 4, 5, 7, 10, 13, 14, 15, 16, 19, 22, 23, 24, 25, 26, 27, 28, 29, 30, 31, 32, 33, 34, 35, 38, 41, 42, 43, 44, 45, 46, 47, 48, 51, 54, 55, 56, 57, 58, 59, 60, 61, 62, 65, 68, 69, 70, 71, 74, 77, 78, 79, 80, 81, 82, 83, 86, 89, 90, 91, 92, 93, 94, 95, 98, 101, 102, 103, 106, 109, 110, 111, 112, 113, 114, 117, 120, 121, 122, 123, 124, 125, 126, 129, 132, 133, 134, 135, 136, 137, 138, 139, 140, 141, 144, 147, 148, 149, 150, 153, 156, 157, 158, 159, 160, 161, 162, 163, 164, 165, 166, 167, 170, 173, 174, 175, 176, 177, 178, 179, 180, 181, 184, 187, 188, 189, 190, 191, 192, 193, 196, 199, 200, 201, 202, 203, 204, 205, 206, 207, 208, 209, 210, 213, 216, 217, 218, 219, 220, 223, 226, 227, 228, 229, 230, 231, 232, 235, 238, 239, 240, 241, 242, 243, 244, 245, 246, 249, 252, 253, 254, 255, 256, 257, 258, 259, 260, 263, 266, 267, 268, 269, 270, 271, 274, 277, 278, 279, 282, 285, 286, 287, 288, 289, 292, 295, 296, 297, 298, 299, 300, 301, 304, 307, 310, 313, 314, 315, 316, 317, 320, 323, 324, 325, 326, 327, 328, 329, 330, 331, 332, 335, 338, 339, 340, 341, 342, 343, 346, 349, 350, 351, 354, 357, 358, 359, 360, 361, 362, 363, 364, 365, 366, 369, 372, 373, 374, 375, 376, 377, 378, 381, 384, 385, 386, 387, 388, 389, 390, 391, 394, 397, 398, 399, 400, 401, 402, 403, 406, 409, 410, 411, 412, 415, 418, 419, 420, 421, 422, 423, 424, 427, 430, 431, 432, 433, 436, 439, 440, 441, 442, 445, 448, 449, 450, 451, 452, 455, 458, 459, 460, 461, 462, 463, 464, 465, 466, 469, 472, 473, 474, 475, 476, 477, 478, 479, 482, 485, 486, 487, 488, 491, 494, 495, 496, 497, 498, 499, 500, 501, 502, 503, 504, 507, 510, 511, 512, 513, 514, 515, 516, 517, 518, 519, 520, 521, 522, 523, 526, 529, 530, 531, 532, 533, 534, 535, 536], "summary": {"covered_lines": 357, "num_statements": 357, "percent_covered": 100.0, "percent_covered_display": "100", "missing_lines": 0, "excluded_lines": 0, "percent_statements_covered": 100.0, "percent_statements_covered_display": "100"}, "missing_lines": [], "excluded_lines": [], "start_line": 1}}}, "devops_portal/schemas_pulse.py": {"executed_lines": [1, 4, 13, 14, 15, 18, 26, 27], "summary": {"covered_lines": 8, "num_statements": 8, "percent_covered": 100.0, "percent_covered_display": "100", "missing_lines": 0, "excluded_lines": 0, "percent_statements_covered": 100.0, "percent_statements_covered_display": "100"}, "missing_lines": [], "excluded_lines": [], "functions": {"": {"executed_lines": [1, 4, 13, 14, 15, 18, 26, 27], "summary": {"covered_lines": 8, "num_statements": 8, "percent_covered": 100.0, "percent_covered_display": "100", "missing_lines": 0, "excluded_lines": 0, "percent_statements_covered": 100.0, "percent_statements_covered_display": "100"}, "missing_lines": [], "excluded_lines": [], "start_line": 1}}, "classes": {"PulseSubmission": {"executed_lines": [], "summary": {"covered_lines": 0, "num_statements": 0, "percent_covered": 100.0, "percent_covered_display": "100", "missing_lines": 0, "excluded_lines": 0, "percent_statements_covered": 100.0, "percent_statements_covered_display": "100"}, "missing_lines": [], "excluded_lines": [], "start_line": 4}, "PulseStatus": {"executed_lines": [], "summary": {"covered_lines": 0, "num_statements": 0, "percent_covered": 100.0, "percent_covered_display": "100", "missing_lines": 0, "excluded_lines": 0, "percent_statements_covered": 100.0, "percent_statements_covered_display": "100"}, "missing_lines": [], "excluded_lines": [], "start_line": 18}, "": {"executed_lines": [1, 4, 13, 14, 15, 18, 26, 27], "summary": {"covered_lines": 8, "num_statements": 8, "percent_covered": 100.0, "percent_covered_display": "100", "missing_lines": 0, "excluded_lines": 0, "percent_statements_covered": 100.0, "percent_statements_covered_display": "100"}, "missing_lines": [], "excluded_lines": [], "start_line": 1}}}, "devops_portal/state.py": {"executed_lines": [3, 6, 7, 8, 9, 10], "summary": {"covered_lines": 6, "num_statements": 6, "percent_covered": 100.0, "percent_covered_display": "100", "missing_lines": 0, "excluded_lines": 0, "percent_statements_covered": 100.0, "percent_statements_covered_display": "100"}, "missing_lines": [], "excluded_lines": [], "functions": {"": {"executed_lines": [3, 6, 7, 8, 9, 10], "summary": {"covered_lines": 6, "num_statements": 6, "percent_covered": 100.0, "percent_covered_display": "100", "missing_lines": 0, "excluded_lines": 0, "percent_statements_covered": 100.0, "percent_statements_covered_display": "100"}, "missing_lines": [], "excluded_lines": [], "start_line": 1}}, "classes": {"": {"executed_lines": [3, 6, 7, 8, 9, 10], "summary": {"covered_lines": 6, "num_statements": 6, "percent_covered": 100.0, "percent_covered_display": "100", "missing_lines": 0, "excluded_lines": 0, "percent_statements_covered": 100.0, "percent_statements_covered_display": "100"}, "missing_lines": [], "excluded_lines": [], "start_line": 1}}}}, "totals": {"covered_lines": 6531, "num_statements": 10099, "percent_covered": 64.66976928408754, "percent_covered_display": "65", "missing_lines": 3568, "excluded_lines": 491, "percent_statements_covered": 64.66976928408754, "percent_statements_covered_display": "65"}}